E:\OPENSOURCE\ONGITHUB\DUILIB20150108\BIN\DUILIB.DLL
E:\OpenSource\onGitHub\duilib20150108\DuiLib\Build\Release\cl.command.1.tlog
E:\OpenSource\onGitHub\duilib20150108\DuiLib\Build\Release\CL.read.1.tlog
E:\OpenSource\onGitHub\duilib20150108\DuiLib\Build\Release\CL.write.1.tlog
E:\OPENSOURCE\ONGITHUB\DUILIB20150108\DUILIB\BUILD\RELEASE\DUILIB.PCH
E:\OpenSource\onGitHub\duilib20150108\DuiLib\Build\Release\DuiLib.write.1.tlog
E:\OpenSource\onGitHub\duilib20150108\DuiLib\Build\Release\link.command.1.tlog
E:\OpenSource\onGitHub\duilib20150108\DuiLib\Build\Release\link.read.1.tlog
E:\OpenSource\onGitHub\duilib20150108\DuiLib\Build\Release\link.write.1.tlog
E:\OPENSOURCE\ONGITHUB\DUILIB20150108\DUILIB\BUILD\RELEASE\STB_IMAGE.OBJ
E:\OPENSOURCE\ONGITHUB\DUILIB20150108\DUILIB\BUILD\RELEASE\STDAFX.OBJ
E:\OPENSOURCE\ONGITHUB\DUILIB20150108\DUILIB\BUILD\RELEASE\UIACTIVEX.OBJ
E:\OPENSOURCE\ONGITHUB\DUILIB20150108\DUILIB\BUILD\RELEASE\UIBASE.OBJ
E:\OPENSOURCE\ONGITHUB\DUILIB20150108\DUILIB\BUILD\RELEASE\UIBUTTON.OBJ
E:\OPENSOURCE\ONGITHUB\DUILIB20150108\DUILIB\BUILD\RELEASE\UICHECKBOX.OBJ
E:\OPENSOURCE\ONGITHUB\DUILIB20150108\DUILIB\BUILD\RELEASE\UICHILDLAYOUT.OBJ
E:\OPENSOURCE\ONGITHUB\DUILIB20150108\DUILIB\BUILD\RELEASE\UICOMBO.OBJ
E:\OPENSOURCE\ONGITHUB\DUILIB20150108\DUILIB\BUILD\RELEASE\UICOMBOBOX.OBJ
E:\OPENSOURCE\ONGITHUB\DUILIB20150108\DUILIB\BUILD\RELEASE\UICONTAINER.OBJ
E:\OPENSOURCE\ONGITHUB\DUILIB20150108\DUILIB\BUILD\RELEASE\UICONTROL.OBJ
E:\OPENSOURCE\ONGITHUB\DUILIB20150108\DUILIB\BUILD\RELEASE\UIDATETIME.OBJ
E:\OPENSOURCE\ONGITHUB\DUILIB20150108\DUILIB\BUILD\RELEASE\UIDELEGATE.OBJ
E:\OPENSOURCE\ONGITHUB\DUILIB20150108\DUILIB\BUILD\RELEASE\UIDLGBUILDER.OBJ
E:\OPENSOURCE\ONGITHUB\DUILIB20150108\DUILIB\BUILD\RELEASE\UIEDIT.OBJ
E:\OPENSOURCE\ONGITHUB\DUILIB20150108\DUILIB\BUILD\RELEASE\UIHORIZONTALLAYOUT.OBJ
E:\OPENSOURCE\ONGITHUB\DUILIB20150108\DUILIB\BUILD\RELEASE\UILABEL.OBJ
E:\OPENSOURCE\ONGITHUB\DUILIB20150108\DUILIB\BUILD\RELEASE\UILIB.OBJ
E:\OPENSOURCE\ONGITHUB\DUILIB20150108\DUILIB\BUILD\RELEASE\UILIST.OBJ
E:\OPENSOURCE\ONGITHUB\DUILIB20150108\DUILIB\BUILD\RELEASE\UIMANAGER.OBJ
E:\OPENSOURCE\ONGITHUB\DUILIB20150108\DUILIB\BUILD\RELEASE\UIMARKUP.OBJ
E:\OPENSOURCE\ONGITHUB\DUILIB20150108\DUILIB\BUILD\RELEASE\UIOPTION.OBJ
E:\OPENSOURCE\ONGITHUB\DUILIB20150108\DUILIB\BUILD\RELEASE\UIPROGRESS.OBJ
E:\OPENSOURCE\ONGITHUB\DUILIB20150108\DUILIB\BUILD\RELEASE\UIRENDER.OBJ
E:\OPENSOURCE\ONGITHUB\DUILIB20150108\DUILIB\BUILD\RELEASE\UIRICHEDIT.OBJ
E:\OPENSOURCE\ONGITHUB\DUILIB20150108\DUILIB\BUILD\RELEASE\UISCROLLBAR.OBJ
E:\OPENSOURCE\ONGITHUB\DUILIB20150108\DUILIB\BUILD\RELEASE\UISLIDER.OBJ
E:\OPENSOURCE\ONGITHUB\DUILIB20150108\DUILIB\BUILD\RELEASE\UITABLAYOUT.OBJ
E:\OPENSOURCE\ONGITHUB\DUILIB20150108\DUILIB\BUILD\RELEASE\UITEXT.OBJ
E:\OPENSOURCE\ONGITHUB\DUILIB20150108\DUILIB\BUILD\RELEASE\UITILELAYOUT.OBJ
E:\OPENSOURCE\ONGITHUB\DUILIB20150108\DUILIB\BUILD\RELEASE\UITREEVIEW.OBJ
E:\OPENSOURCE\ONGITHUB\DUILIB20150108\DUILIB\BUILD\RELEASE\UIVERTICALLAYOUT.OBJ
E:\OPENSOURCE\ONGITHUB\DUILIB20150108\DUILIB\BUILD\RELEASE\UIWEBBROWSER.OBJ
E:\OPENSOURCE\ONGITHUB\DUILIB20150108\DUILIB\BUILD\RELEASE\UTILS.OBJ
E:\OPENSOURCE\ONGITHUB\DUILIB20150108\DUILIB\BUILD\RELEASE\VC100.PDB
E:\OPENSOURCE\ONGITHUB\DUILIB20150108\DUILIB\BUILD\RELEASE\WINIMPLBASE.OBJ
E:\OPENSOURCE\ONGITHUB\DUILIB20150108\DUILIB\BUILD\RELEASE\XUNZIP.OBJ
E:\OpenSource\onGitHub\duilib20150108\Lib\DuiLib.exp
E:\OpenSource\onGitHub\duilib20150108\Lib\DuiLib.lib
