.\Debug\GameDemo.bsc
.\Debug\GameDemo.pdb
E:\OPENSOURCE\DUILIB\DUILIB20150108\BIN\GAMEDEMO_D.EXE
E:\OPENSOURCE\DUILIB\DUILIB20150108\GAMEDEMO\DEBUG\GAMEDEMO.BSC
E:\OPENSOURCE\DUILIB\DUILIB20150108\GAMEDEMO\DEBUG\GAMEDEMO.EXE.INTERMEDIATE.MANIFEST
E:\OPENSOURCE\DUILIB\DUILIB20150108\GAMEDEMO\DEBUG\GAMEDEMO.MAP
E:\OPENSOURCE\DUILIB\DUILIB20150108\GAMEDEMO\DEBUG\GAMEDEMO.OBJ
E:\OPENSOURCE\DUILIB\DUILIB20150108\GAMEDEMO\DEBUG\GAMEDEMO.PCH
E:\OPENSOURCE\DUILIB\DUILIB20150108\GAMEDEMO\DEBUG\GAMEDEMO.PDB
E:\OPENSOURCE\DUILIB\DUILIB20150108\GAMEDEMO\DEBUG\GAMEDEMO.SBR
E:\OPENSOURCE\DUILIB\DUILIB20150108\GAMEDEMO\DEBUG\MINIDUMPER.OBJ
E:\OPENSOURCE\DUILIB\DUILIB20150108\GAMEDEMO\DEBUG\MINIDUMPER.SBR
E:\OPENSOURCE\DUILIB\DUILIB20150108\GAMEDEMO\DEBUG\STDAFX.OBJ
E:\OPENSOURCE\DUILIB\DUILIB20150108\GAMEDEMO\DEBUG\STDAFX.SBR
E:\OPENSOURCE\DUILIB\DUILIB20150108\GAMEDEMO\DEBUG\VC100.PDB
E:\OPENSOURCE\ONGITHUB\DUILIB20150108\BIN\GAMEDEMO_D.EXE
E:\OpenSource\onGitHub\duilib20150108\GameDemo\.\Debug\GameDemo.exe.intermediate.manifest
E:\OpenSource\onGitHub\duilib20150108\GameDemo\Debug\BscMake.command.1.tlog
E:\OpenSource\onGitHub\duilib20150108\GameDemo\Debug\bscmake.read.1.tlog
E:\OpenSource\onGitHub\duilib20150108\GameDemo\Debug\bscmake.write.1.tlog
E:\OpenSource\onGitHub\duilib20150108\GameDemo\Debug\cl.command.1.tlog
E:\OpenSource\onGitHub\duilib20150108\GameDemo\Debug\CL.read.1.tlog
E:\OpenSource\onGitHub\duilib20150108\GameDemo\Debug\CL.write.1.tlog
E:\OPENSOURCE\ONGITHUB\DUILIB20150108\GAMEDEMO\DEBUG\GAMEDEMO.BSC
E:\OPENSOURCE\ONGITHUB\DUILIB20150108\GAMEDEMO\DEBUG\GAMEDEMO.EXE.INTERMEDIATE.MANIFEST
E:\OPENSOURCE\ONGITHUB\DUILIB20150108\GAMEDEMO\DEBUG\GAMEDEMO.MAP
E:\OPENSOURCE\ONGITHUB\DUILIB20150108\GAMEDEMO\DEBUG\GAMEDEMO.OBJ
E:\OPENSOURCE\ONGITHUB\DUILIB20150108\GAMEDEMO\DEBUG\GAMEDEMO.PCH
E:\OPENSOURCE\ONGITHUB\DUILIB20150108\GAMEDEMO\DEBUG\GAMEDEMO.PDB
E:\OPENSOURCE\ONGITHUB\DUILIB20150108\GAMEDEMO\DEBUG\GAMEDEMO.SBR
E:\OpenSource\onGitHub\duilib20150108\GameDemo\Debug\GameDemo.vcxprojResolveAssemblyReference.cache
E:\OpenSource\onGitHub\duilib20150108\GameDemo\Debug\GameDemo.write.1.tlog
E:\OpenSource\onGitHub\duilib20150108\GameDemo\Debug\link.command.1.tlog
E:\OpenSource\onGitHub\duilib20150108\GameDemo\Debug\link.read.1.tlog
E:\OpenSource\onGitHub\duilib20150108\GameDemo\Debug\link.write.1.tlog
E:\OPENSOURCE\ONGITHUB\DUILIB20150108\GAMEDEMO\DEBUG\MINIDUMPER.OBJ
E:\OPENSOURCE\ONGITHUB\DUILIB20150108\GAMEDEMO\DEBUG\MINIDUMPER.SBR
E:\OpenSource\onGitHub\duilib20150108\GameDemo\Debug\mt.command.1.tlog
E:\OpenSource\onGitHub\duilib20150108\GameDemo\Debug\mt.read.1.tlog
E:\OpenSource\onGitHub\duilib20150108\GameDemo\Debug\mt.write.1.tlog
E:\OPENSOURCE\ONGITHUB\DUILIB20150108\GAMEDEMO\DEBUG\STDAFX.OBJ
E:\OPENSOURCE\ONGITHUB\DUILIB20150108\GAMEDEMO\DEBUG\STDAFX.SBR
E:\OpenSource\onGitHub\duilib20150108\GameDemo\Debug\vc100.idb
E:\OPENSOURCE\ONGITHUB\DUILIB20150108\GAMEDEMO\DEBUG\VC100.PDB
