.\Debug\MenuDemo.bsc
.\Debug\MenuDemo.pdb
E:\OPENSOURCE\DUILIB\DUILIB20150108\BIN\MENUDEMO_D.EXE
E:\OPENSOURCE\DUILIB\DUILIB20150108\MENUDEMO\DEBUG\DEBUG.OBJ
E:\OPENSOURCE\DUILIB\DUILIB20150108\MENUDEMO\DEBUG\DEBUG.SBR
E:\OPENSOURCE\DUILIB\DUILIB20150108\MENUDEMO\DEBUG\MAIN.OBJ
E:\OPENSOURCE\DUILIB\DUILIB20150108\MENUDEMO\DEBUG\MAIN.SBR
E:\OPENSOURCE\DUILIB\DUILIB20150108\MENUDEMO\DEBUG\MAIN_FRAME.OBJ
E:\OPENSOURCE\DUILIB\DUILIB20150108\MENUDEMO\DEBUG\MAIN_FRAME.SBR
E:\OPENSOURCE\DUILIB\DUILIB20150108\MENUDEMO\DEBUG\MENUDEMO.BSC
E:\OPENSOURCE\DUILIB\DUILIB20150108\MENUDEMO\DEBUG\MENUDEMO.EXE.INTERMEDIATE.MANIFEST
E:\OPENSOURCE\DUILIB\DUILIB20150108\MENUDEMO\DEBUG\MENUDEMO.MAP
E:\OPENSOURCE\DUILIB\DUILIB20150108\MENUDEMO\DEBUG\MENUDEMO.PDB
E:\OPENSOURCE\DUILIB\DUILIB20150108\MENUDEMO\DEBUG\MENUDEMO.RES
E:\OPENSOURCE\DUILIB\DUILIB20150108\MENUDEMO\DEBUG\STDAFX.OBJ
E:\OPENSOURCE\DUILIB\DUILIB20150108\MENUDEMO\DEBUG\STDAFX.SBR
E:\OPENSOURCE\DUILIB\DUILIB20150108\MENUDEMO\DEBUG\UICRACK.OBJ
E:\OPENSOURCE\DUILIB\DUILIB20150108\MENUDEMO\DEBUG\UICRACK.SBR
E:\OPENSOURCE\DUILIB\DUILIB20150108\MENUDEMO\DEBUG\UIMENU.OBJ
E:\OPENSOURCE\DUILIB\DUILIB20150108\MENUDEMO\DEBUG\UIMENU.SBR
E:\OPENSOURCE\DUILIB\DUILIB20150108\MENUDEMO\DEBUG\VC100.PDB
E:\OPENSOURCE\ONGITHUB\DUILIB20150108\BIN\MENUDEMO_D.EXE
E:\OpenSource\onGitHub\duilib20150108\MenuDemo\.\Debug\MenuDemo.exe.intermediate.manifest
E:\OpenSource\onGitHub\duilib20150108\MenuDemo\Debug\BscMake.command.1.tlog
E:\OpenSource\onGitHub\duilib20150108\MenuDemo\Debug\bscmake.read.1.tlog
E:\OpenSource\onGitHub\duilib20150108\MenuDemo\Debug\bscmake.write.1.tlog
E:\OpenSource\onGitHub\duilib20150108\MenuDemo\Debug\cl.command.1.tlog
E:\OpenSource\onGitHub\duilib20150108\MenuDemo\Debug\CL.read.1.tlog
E:\OpenSource\onGitHub\duilib20150108\MenuDemo\Debug\CL.write.1.tlog
E:\OPENSOURCE\ONGITHUB\DUILIB20150108\MENUDEMO\DEBUG\DEBUG.OBJ
E:\OPENSOURCE\ONGITHUB\DUILIB20150108\MENUDEMO\DEBUG\DEBUG.SBR
E:\OpenSource\onGitHub\duilib20150108\MenuDemo\Debug\link.command.1.tlog
E:\OpenSource\onGitHub\duilib20150108\MenuDemo\Debug\link.read.1.tlog
E:\OpenSource\onGitHub\duilib20150108\MenuDemo\Debug\link.write.1.tlog
E:\OpenSource\onGitHub\duilib20150108\MenuDemo\Debug\link-cvtres.read.1.tlog
E:\OpenSource\onGitHub\duilib20150108\MenuDemo\Debug\link-cvtres.write.1.tlog
E:\OPENSOURCE\ONGITHUB\DUILIB20150108\MENUDEMO\DEBUG\MAIN.OBJ
E:\OPENSOURCE\ONGITHUB\DUILIB20150108\MENUDEMO\DEBUG\MAIN.SBR
E:\OPENSOURCE\ONGITHUB\DUILIB20150108\MENUDEMO\DEBUG\MAIN_FRAME.OBJ
E:\OPENSOURCE\ONGITHUB\DUILIB20150108\MENUDEMO\DEBUG\MAIN_FRAME.SBR
E:\OPENSOURCE\ONGITHUB\DUILIB20150108\MENUDEMO\DEBUG\MENUDEMO.BSC
E:\OPENSOURCE\ONGITHUB\DUILIB20150108\MENUDEMO\DEBUG\MENUDEMO.EXE.INTERMEDIATE.MANIFEST
E:\OPENSOURCE\ONGITHUB\DUILIB20150108\MENUDEMO\DEBUG\MENUDEMO.MAP
E:\OPENSOURCE\ONGITHUB\DUILIB20150108\MENUDEMO\DEBUG\MENUDEMO.PDB
E:\OPENSOURCE\ONGITHUB\DUILIB20150108\MENUDEMO\DEBUG\MENUDEMO.RES
E:\OpenSource\onGitHub\duilib20150108\MenuDemo\Debug\MenuDemo.write.1.tlog
E:\OpenSource\onGitHub\duilib20150108\MenuDemo\Debug\mt.command.1.tlog
E:\OpenSource\onGitHub\duilib20150108\MenuDemo\Debug\mt.read.1.tlog
E:\OpenSource\onGitHub\duilib20150108\MenuDemo\Debug\mt.write.1.tlog
E:\OpenSource\onGitHub\duilib20150108\MenuDemo\Debug\rc.command.1.tlog
E:\OpenSource\onGitHub\duilib20150108\MenuDemo\Debug\rc.read.1.tlog
E:\OpenSource\onGitHub\duilib20150108\MenuDemo\Debug\rc.write.1.tlog
E:\OPENSOURCE\ONGITHUB\DUILIB20150108\MENUDEMO\DEBUG\STDAFX.OBJ
E:\OPENSOURCE\ONGITHUB\DUILIB20150108\MENUDEMO\DEBUG\STDAFX.SBR
E:\OPENSOURCE\ONGITHUB\DUILIB20150108\MENUDEMO\DEBUG\UICRACK.OBJ
E:\OPENSOURCE\ONGITHUB\DUILIB20150108\MENUDEMO\DEBUG\UICRACK.SBR
E:\OPENSOURCE\ONGITHUB\DUILIB20150108\MENUDEMO\DEBUG\UIMENU.OBJ
E:\OPENSOURCE\ONGITHUB\DUILIB20150108\MENUDEMO\DEBUG\UIMENU.SBR
E:\OpenSource\onGitHub\duilib20150108\MenuDemo\Debug\vc100.idb
E:\OPENSOURCE\ONGITHUB\DUILIB20150108\MENUDEMO\DEBUG\VC100.PDB
