E:\OPENSOURCE\ONGITHUB\DUILIB20150108\BIN\RICHLISTDEMO.EXE
E:\OpenSource\onGitHub\duilib20150108\RichListDemo\Release\cl.command.1.tlog
E:\OpenSource\onGitHub\duilib20150108\RichListDemo\Release\CL.read.1.tlog
E:\OpenSource\onGitHub\duilib20150108\RichListDemo\Release\CL.write.1.tlog
E:\OpenSource\onGitHub\duilib20150108\RichListDemo\Release\link.command.1.tlog
E:\OpenSource\onGitHub\duilib20150108\RichListDemo\Release\link.read.1.tlog
E:\OpenSource\onGitHub\duilib20150108\RichListDemo\Release\link.write.1.tlog
E:\OpenSource\onGitHub\duilib20150108\RichListDemo\Release\link-cvtres.read.1.tlog
E:\OpenSource\onGitHub\duilib20150108\RichListDemo\Release\link-cvtres.write.1.tlog
E:\OpenSource\onGitHub\duilib20150108\RichListDemo\Release\mt.command.1.tlog
E:\OpenSource\onGitHub\duilib20150108\RichListDemo\Release\mt.read.1.tlog
E:\OpenSource\onGitHub\duilib20150108\RichListDemo\Release\mt.write.1.tlog
E:\OpenSource\onGitHub\duilib20150108\RichListDemo\Release\rc.command.1.tlog
E:\OpenSource\onGitHub\duilib20150108\RichListDemo\Release\rc.read.1.tlog
E:\OpenSource\onGitHub\duilib20150108\RichListDemo\Release\rc.write.1.tlog
E:\OPENSOURCE\ONGITHUB\DUILIB20150108\RICHLISTDEMO\RELEASE\RICHLISTDEMO.EXE.INTERMEDIATE.MANIFEST
E:\OPENSOURCE\ONGITHUB\DUILIB20150108\RICHLISTDEMO\RELEASE\RICHLISTDEMO.OBJ
E:\OPENSOURCE\ONGITHUB\DUILIB20150108\RICHLISTDEMO\RELEASE\RICHLISTDEMO.PCH
E:\OPENSOURCE\ONGITHUB\DUILIB20150108\RICHLISTDEMO\RELEASE\RICHLISTDEMO.PDB
E:\OPENSOURCE\ONGITHUB\DUILIB20150108\RICHLISTDEMO\RELEASE\RICHLISTDEMO.RES
E:\OpenSource\onGitHub\duilib20150108\RichListDemo\Release\RichListDemo.write.1.tlog
E:\OPENSOURCE\ONGITHUB\DUILIB20150108\RICHLISTDEMO\RELEASE\RICHLISTWND.OBJ
E:\OPENSOURCE\ONGITHUB\DUILIB20150108\RICHLISTDEMO\RELEASE\STDAFX.OBJ
E:\OPENSOURCE\ONGITHUB\DUILIB20150108\RICHLISTDEMO\RELEASE\VC100.PDB
