E:\OPENSOURCE\ONGITHUB\DUILIB20150108\BIN\QQDEMO.EXE
E:\OpenSource\onGitHub\duilib20150108\QQDemo\.\Release\QQDemo.exe.intermediate.manifest
E:\OPENSOURCE\ONGITHUB\DUILIB20150108\QQDEMO\RELEASE\CHAT_DIALOG.OBJ
E:\OpenSource\onGitHub\duilib20150108\QQDemo\Release\cl.command.1.tlog
E:\OpenSource\onGitHub\duilib20150108\QQDemo\Release\CL.read.1.tlog
E:\OpenSource\onGitHub\duilib20150108\QQDemo\Release\CL.write.1.tlog
E:\OPENSOURCE\ONGITHUB\DUILIB20150108\QQDEMO\RELEASE\COLOR_SKIN.OBJ
E:\OPENSOURCE\ONGITHUB\DUILIB20150108\QQDEMO\RELEASE\COLORPICKER.OBJ
E:\OPENSOURCE\ONGITHUB\DUILIB20150108\QQDEMO\RELEASE\DEBUG.OBJ
E:\OpenSource\onGitHub\duilib20150108\QQDemo\Release\link.command.1.tlog
E:\OpenSource\onGitHub\duilib20150108\QQDemo\Release\link.read.1.tlog
E:\OpenSource\onGitHub\duilib20150108\QQDemo\Release\link.write.1.tlog
E:\OpenSource\onGitHub\duilib20150108\QQDemo\Release\link-cvtres.read.1.tlog
E:\OpenSource\onGitHub\duilib20150108\QQDemo\Release\link-cvtres.write.1.tlog
E:\OPENSOURCE\ONGITHUB\DUILIB20150108\QQDEMO\RELEASE\MAIN.OBJ
E:\OPENSOURCE\ONGITHUB\DUILIB20150108\QQDEMO\RELEASE\MAIN_FRAME.OBJ
E:\OpenSource\onGitHub\duilib20150108\QQDemo\Release\mt.command.1.tlog
E:\OpenSource\onGitHub\duilib20150108\QQDemo\Release\mt.read.1.tlog
E:\OpenSource\onGitHub\duilib20150108\QQDemo\Release\mt.write.1.tlog
E:\OPENSOURCE\ONGITHUB\DUILIB20150108\QQDEMO\RELEASE\QQDEMO.EXE.INTERMEDIATE.MANIFEST
E:\OPENSOURCE\ONGITHUB\DUILIB20150108\QQDEMO\RELEASE\QQDEMO.RES
E:\OpenSource\onGitHub\duilib20150108\QQDemo\Release\QQDemo.write.1.tlog
E:\OpenSource\onGitHub\duilib20150108\QQDemo\Release\rc.command.1.tlog
E:\OpenSource\onGitHub\duilib20150108\QQDemo\Release\rc.read.1.tlog
E:\OpenSource\onGitHub\duilib20150108\QQDemo\Release\rc.write.1.tlog
E:\OPENSOURCE\ONGITHUB\DUILIB20150108\QQDEMO\RELEASE\STDAFX.OBJ
E:\OPENSOURCE\ONGITHUB\DUILIB20150108\QQDEMO\RELEASE\UIFRIENDS.OBJ
E:\OPENSOURCE\ONGITHUB\DUILIB20150108\QQDEMO\RELEASE\UIGROUPS.OBJ
E:\OPENSOURCE\ONGITHUB\DUILIB20150108\QQDEMO\RELEASE\UILISTCOMMONDEFINE.OBJ
E:\OPENSOURCE\ONGITHUB\DUILIB20150108\QQDEMO\RELEASE\UIMICROBLOG.OBJ
E:\OPENSOURCE\ONGITHUB\DUILIB20150108\QQDEMO\RELEASE\VC100.PDB
E:\OPENSOURCE\ONGITHUB\DUILIB20150108\QQDEMO\RELEASE\XUNZIP.OBJ
