E:\OPENSOURCE\DUILIB\DUILIB20150108\BIN\RICHLISTDEMO_D.EXE
E:\OPENSOURCE\DUILIB\DUILIB20150108\RICHLISTDEMO\DEBUG\RICHLISTDEMO.EXE.INTERMEDIATE.MANIFEST
E:\OPENSOURCE\DUILIB\DUILIB20150108\RICHLISTDEMO\DEBUG\RICHLISTDEMO.OBJ
E:\OPENSOURCE\DUILIB\DUILIB20150108\RICHLISTDEMO\DEBUG\RICHLISTDEMO.PCH
E:\OPENSOURCE\DUILIB\DUILIB20150108\RICHLISTDEMO\DEBUG\RICHLISTDEMO.PDB
E:\OPENSOURCE\DUILIB\DUILIB20150108\RICHLISTDEMO\DEBUG\RICHLISTDEMO.RES
E:\OPENSOURCE\DUILIB\DUILIB20150108\RICHLISTDEMO\DEBUG\RICHLISTWND.OBJ
E:\OPENSOURCE\DUILIB\DUILIB20150108\RICHLISTDEMO\DEBUG\STDAFX.OBJ
E:\OPENSOURCE\DUILIB\DUILIB20150108\RICHLISTDEMO\DEBUG\VC100.PDB
E:\OPENSOURCE\ONGITHUB\DUILIB20150108\BIN\RICHLISTDEMO_D.EXE
E:\OpenSource\onGitHub\duilib20150108\RichListDemo\Debug\cl.command.1.tlog
E:\OpenSource\onGitHub\duilib20150108\RichListDemo\Debug\CL.read.1.tlog
E:\OpenSource\onGitHub\duilib20150108\RichListDemo\Debug\CL.write.1.tlog
E:\OpenSource\onGitHub\duilib20150108\RichListDemo\Debug\link.command.1.tlog
E:\OpenSource\onGitHub\duilib20150108\RichListDemo\Debug\link.read.1.tlog
E:\OpenSource\onGitHub\duilib20150108\RichListDemo\Debug\link.write.1.tlog
E:\OpenSource\onGitHub\duilib20150108\RichListDemo\Debug\link-cvtres.read.1.tlog
E:\OpenSource\onGitHub\duilib20150108\RichListDemo\Debug\link-cvtres.write.1.tlog
E:\OpenSource\onGitHub\duilib20150108\RichListDemo\Debug\mt.command.1.tlog
E:\OpenSource\onGitHub\duilib20150108\RichListDemo\Debug\mt.read.1.tlog
E:\OpenSource\onGitHub\duilib20150108\RichListDemo\Debug\mt.write.1.tlog
E:\OpenSource\onGitHub\duilib20150108\RichListDemo\Debug\rc.command.1.tlog
E:\OpenSource\onGitHub\duilib20150108\RichListDemo\Debug\rc.read.1.tlog
E:\OpenSource\onGitHub\duilib20150108\RichListDemo\Debug\rc.write.1.tlog
E:\OPENSOURCE\ONGITHUB\DUILIB20150108\RICHLISTDEMO\DEBUG\RICHLISTDEMO.EXE.INTERMEDIATE.MANIFEST
E:\OPENSOURCE\ONGITHUB\DUILIB20150108\RICHLISTDEMO\DEBUG\RICHLISTDEMO.OBJ
E:\OPENSOURCE\ONGITHUB\DUILIB20150108\RICHLISTDEMO\DEBUG\RICHLISTDEMO.PCH
E:\OPENSOURCE\ONGITHUB\DUILIB20150108\RICHLISTDEMO\DEBUG\RICHLISTDEMO.PDB
E:\OPENSOURCE\ONGITHUB\DUILIB20150108\RICHLISTDEMO\DEBUG\RICHLISTDEMO.RES
E:\OpenSource\onGitHub\duilib20150108\RichListDemo\Debug\RichListDemo.write.1.tlog
E:\OPENSOURCE\ONGITHUB\DUILIB20150108\RICHLISTDEMO\DEBUG\RICHLISTWND.OBJ
E:\OPENSOURCE\ONGITHUB\DUILIB20150108\RICHLISTDEMO\DEBUG\STDAFX.OBJ
E:\OpenSource\onGitHub\duilib20150108\RichListDemo\Debug\vc100.idb
E:\OPENSOURCE\ONGITHUB\DUILIB20150108\RICHLISTDEMO\DEBUG\VC100.PDB
