.\Debug\FlashDemo.bsc
.\Debug\FlashDemo.pdb
E:\OPENSOURCE\DUILIB\DUILIB20150108\BIN\FLASHDEMO_D.EXE
E:\OPENSOURCE\DUILIB\DUILIB20150108\FLASHDEMO\DEBUG\APP.OBJ
E:\OPENSOURCE\DUILIB\DUILIB20150108\FLASHDEMO\DEBUG\APP.SBR
E:\OPENSOURCE\DUILIB\DUILIB20150108\FLASHDEMO\DEBUG\FLASHDEMO.BSC
E:\OPENSOURCE\DUILIB\DUILIB20150108\FLASHDEMO\DEBUG\FLASHDEMO.EXE.INTERMEDIATE.MANIFEST
E:\OPENSOURCE\DUILIB\DUILIB20150108\FLASHDEMO\DEBUG\FLASHDEMO.MAP
E:\OPENSOURCE\DUILIB\DUILIB20150108\FLASHDEMO\DEBUG\FLASHDEMO.PCH
E:\OPENSOURCE\DUILIB\DUILIB20150108\FLASHDEMO\DEBUG\FLASHDEMO.PDB
E:\OPENSOURCE\DUILIB\DUILIB20150108\FLASHDEMO\DEBUG\STDAFX.OBJ
E:\OPENSOURCE\DUILIB\DUILIB20150108\FLASHDEMO\DEBUG\STDAFX.SBR
E:\OPENSOURCE\DUILIB\DUILIB20150108\FLASHDEMO\DEBUG\VC100.PDB
E:\OPENSOURCE\ONGITHUB\DUILIB20150108\BIN\FLASHDEMO_D.EXE
E:\OpenSource\onGitHub\duilib20150108\FlashDemo\.\Debug\FlashDemo.exe.intermediate.manifest
E:\OPENSOURCE\ONGITHUB\DUILIB20150108\FLASHDEMO\DEBUG\APP.OBJ
E:\OPENSOURCE\ONGITHUB\DUILIB20150108\FLASHDEMO\DEBUG\APP.SBR
E:\OpenSource\onGitHub\duilib20150108\FlashDemo\Debug\BscMake.command.1.tlog
E:\OpenSource\onGitHub\duilib20150108\FlashDemo\Debug\bscmake.read.1.tlog
E:\OpenSource\onGitHub\duilib20150108\FlashDemo\Debug\bscmake.write.1.tlog
E:\OpenSource\onGitHub\duilib20150108\FlashDemo\Debug\cl.command.1.tlog
E:\OpenSource\onGitHub\duilib20150108\FlashDemo\Debug\CL.read.1.tlog
E:\OpenSource\onGitHub\duilib20150108\FlashDemo\Debug\CL.write.1.tlog
E:\OPENSOURCE\ONGITHUB\DUILIB20150108\FLASHDEMO\DEBUG\FLASHDEMO.BSC
E:\OPENSOURCE\ONGITHUB\DUILIB20150108\FLASHDEMO\DEBUG\FLASHDEMO.EXE.INTERMEDIATE.MANIFEST
E:\OPENSOURCE\ONGITHUB\DUILIB20150108\FLASHDEMO\DEBUG\FLASHDEMO.MAP
E:\OPENSOURCE\ONGITHUB\DUILIB20150108\FLASHDEMO\DEBUG\FLASHDEMO.PCH
E:\OPENSOURCE\ONGITHUB\DUILIB20150108\FLASHDEMO\DEBUG\FLASHDEMO.PDB
E:\OpenSource\onGitHub\duilib20150108\FlashDemo\Debug\FlashDemo.vcxprojResolveAssemblyReference.cache
E:\OpenSource\onGitHub\duilib20150108\FlashDemo\Debug\FlashDemo.write.1.tlog
E:\OpenSource\onGitHub\duilib20150108\FlashDemo\Debug\link.command.1.tlog
E:\OpenSource\onGitHub\duilib20150108\FlashDemo\Debug\link.read.1.tlog
E:\OpenSource\onGitHub\duilib20150108\FlashDemo\Debug\link.write.1.tlog
E:\OpenSource\onGitHub\duilib20150108\FlashDemo\Debug\mt.command.1.tlog
E:\OpenSource\onGitHub\duilib20150108\FlashDemo\Debug\mt.read.1.tlog
E:\OpenSource\onGitHub\duilib20150108\FlashDemo\Debug\mt.write.1.tlog
E:\OPENSOURCE\ONGITHUB\DUILIB20150108\FLASHDEMO\DEBUG\STDAFX.OBJ
E:\OPENSOURCE\ONGITHUB\DUILIB20150108\FLASHDEMO\DEBUG\STDAFX.SBR
E:\OpenSource\onGitHub\duilib20150108\FlashDemo\Debug\vc100.idb
E:\OPENSOURCE\ONGITHUB\DUILIB20150108\FLASHDEMO\DEBUG\VC100.PDB
