E:\OPENSOURCE\ONGITHUB\DUILIB20150108\BIN\MENUDEMO.EXE
E:\OpenSource\onGitHub\duilib20150108\MenuDemo\.\Release\MenuDemo.exe.intermediate.manifest
E:\OpenSource\onGitHub\duilib20150108\MenuDemo\Release\cl.command.1.tlog
E:\OpenSource\onGitHub\duilib20150108\MenuDemo\Release\CL.read.1.tlog
E:\OpenSource\onGitHub\duilib20150108\MenuDemo\Release\CL.write.1.tlog
E:\OPENSOURCE\ONGITHUB\DUILIB20150108\MENUDEMO\RELEASE\DEBUG.OBJ
E:\OpenSource\onGitHub\duilib20150108\MenuDemo\Release\link.command.1.tlog
E:\OpenSource\onGitHub\duilib20150108\MenuDemo\Release\link.read.1.tlog
E:\OpenSource\onGitHub\duilib20150108\MenuDemo\Release\link.write.1.tlog
E:\OpenSource\onGitHub\duilib20150108\MenuDemo\Release\link-cvtres.read.1.tlog
E:\OpenSource\onGitHub\duilib20150108\MenuDemo\Release\link-cvtres.write.1.tlog
E:\OPENSOURCE\ONGITHUB\DUILIB20150108\MENUDEMO\RELEASE\MAIN.OBJ
E:\OPENSOURCE\ONGITHUB\DUILIB20150108\MENUDEMO\RELEASE\MAIN_FRAME.OBJ
E:\OPENSOURCE\ONGITHUB\DUILIB20150108\MENUDEMO\RELEASE\MENUDEMO.EXE.INTERMEDIATE.MANIFEST
E:\OPENSOURCE\ONGITHUB\DUILIB20150108\MENUDEMO\RELEASE\MENUDEMO.RES
E:\OpenSource\onGitHub\duilib20150108\MenuDemo\Release\MenuDemo.write.1.tlog
E:\OpenSource\onGitHub\duilib20150108\MenuDemo\Release\mt.command.1.tlog
E:\OpenSource\onGitHub\duilib20150108\MenuDemo\Release\mt.read.1.tlog
E:\OpenSource\onGitHub\duilib20150108\MenuDemo\Release\mt.write.1.tlog
E:\OpenSource\onGitHub\duilib20150108\MenuDemo\Release\rc.command.1.tlog
E:\OpenSource\onGitHub\duilib20150108\MenuDemo\Release\rc.read.1.tlog
E:\OpenSource\onGitHub\duilib20150108\MenuDemo\Release\rc.write.1.tlog
E:\OPENSOURCE\ONGITHUB\DUILIB20150108\MENUDEMO\RELEASE\STDAFX.OBJ
E:\OPENSOURCE\ONGITHUB\DUILIB20150108\MENUDEMO\RELEASE\UICRACK.OBJ
E:\OPENSOURCE\ONGITHUB\DUILIB20150108\MENUDEMO\RELEASE\UIMENU.OBJ
E:\OPENSOURCE\ONGITHUB\DUILIB20150108\MENUDEMO\RELEASE\VC100.PDB
