Build started 2015/1/20 16:46:05.
     1>Project "E:\OpenSource\onGitHub\duilib20150108\360SafeDemo\360SafeDemo.vcxproj" on node 2 (build target(s)).
     1>InitializeBuildStatus:
         Creating ".\Debug_u\360Safe.unsuccessfulbuild" because "AlwaysCreate" was specified.
       ClCompile:
         All outputs are up-to-date.
         All outputs are up-to-date.
     1>C:\Program Files (x86)\MSBuild\Microsoft.Cpp\v4.0\Microsoft.CppBuild.targets(990,5): warning MSB8012: TargetPath(E:\OpenSource\onGitHub\duilib20150108\360SafeDemo\.\Debug_u\360Safe.exe) does not match the Linker's OutputFile property value (E:\OpenSource\onGitHub\duilib20150108\bin\360Safe_ud.exe). This may cause your project to build incorrectly. To correct this, please make sure that $(OutDir), $(TargetName) and $(TargetExt) property values match the value specified in %(Link.OutputFile).
     1>C:\Program Files (x86)\MSBuild\Microsoft.Cpp\v4.0\Microsoft.CppBuild.targets(992,5): warning MSB8012: TargetName(360Safe) does not match the Linker's OutputFile property value (360Safe_ud). This may cause your project to build incorrectly. To correct this, please make sure that $(OutDir), $(TargetName) and $(TargetExt) property values match the value specified in %(Link.OutputFile).
       Link:
         All outputs are up-to-date.
         360SafeDemo.vcxproj -> E:\OpenSource\onGitHub\duilib20150108\360SafeDemo\.\Debug_u\360Safe.exe
       BscMake:
         All outputs are up-to-date.
       FinalizeBuildStatus:
         Deleting file ".\Debug_u\360Safe.unsuccessfulbuild".
         Touching ".\Debug_u\360Safe.lastbuildstate".
     1>Done Building Project "E:\OpenSource\onGitHub\duilib20150108\360SafeDemo\360SafeDemo.vcxproj" (build target(s)).

Build succeeded.

Time Elapsed 00:00:00.22
