E:\OPENSOURCE\ONGITHUB\DUILIB20150108\360SAFEDEMO\360SAFE.EXE
E:\OPENSOURCE\ONGITHUB\DUILIB20150108\360SAFEDEMO\360SAFE_UD.EXE
E:\OPENSOURCE\ONGITHUB\DUILIB20150108\360SAFEDEMO\DEBUG\360SAFE.BSC
E:\OPENSOURCE\ONGITHUB\DUILIB20150108\360SAFEDEMO\DEBUG_U\360SAFE.EXE.INTERMEDIATE.MANIFEST
E:\OPENSOURCE\ONGITHUB\DUILIB20150108\360SAFEDEMO\DEBUG_U\360SAFE.MAP
E:\OPENSOURCE\ONGITHUB\DUILIB20150108\360SAFEDEMO\DEBUG_U\360SAFE.OBJ
E:\OPENSOURCE\ONGITHUB\DUILIB20150108\360SAFEDEMO\DEBUG_U\360SAFE.PCH
E:\OPENSOURCE\ONGITHUB\DUILIB20150108\360SAFEDEMO\DEBUG_U\360SAFE.PDB
E:\OPENSOURCE\ONGITHUB\DUILIB20150108\360SAFEDEMO\DEBUG_U\360SAFE.SBR
E:\OpenSource\onGitHub\duilib20150108\360SafeDemo\Debug_u\360Safe.write.1.tlog
E:\OpenSource\onGitHub\duilib20150108\360SafeDemo\Debug_u\BscMake.command.1.tlog
E:\OpenSource\onGitHub\duilib20150108\360SafeDemo\Debug_u\bscmake.read.1.tlog
E:\OpenSource\onGitHub\duilib20150108\360SafeDemo\Debug_u\bscmake.write.1.tlog
E:\OpenSource\onGitHub\duilib20150108\360SafeDemo\Debug_u\cl.command.1.tlog
E:\OpenSource\onGitHub\duilib20150108\360SafeDemo\Debug_u\CL.read.1.tlog
E:\OpenSource\onGitHub\duilib20150108\360SafeDemo\Debug_u\CL.write.1.tlog
E:\OpenSource\onGitHub\duilib20150108\360SafeDemo\Debug_u\link.command.1.tlog
E:\OpenSource\onGitHub\duilib20150108\360SafeDemo\Debug_u\link.read.1.tlog
E:\OpenSource\onGitHub\duilib20150108\360SafeDemo\Debug_u\link.write.1.tlog
E:\OpenSource\onGitHub\duilib20150108\360SafeDemo\Debug_u\mt.command.1.tlog
E:\OpenSource\onGitHub\duilib20150108\360SafeDemo\Debug_u\mt.read.1.tlog
E:\OpenSource\onGitHub\duilib20150108\360SafeDemo\Debug_u\mt.write.1.tlog
E:\OPENSOURCE\ONGITHUB\DUILIB20150108\360SAFEDEMO\DEBUG_U\STDAFX.OBJ
E:\OPENSOURCE\ONGITHUB\DUILIB20150108\360SAFEDEMO\DEBUG_U\STDAFX.SBR
E:\OpenSource\onGitHub\duilib20150108\360SafeDemo\Debug_u\vc100.idb
E:\OPENSOURCE\ONGITHUB\DUILIB20150108\360SAFEDEMO\DEBUG_U\VC100.PDB
E:\OPENSOURCE\ONGITHUB\DUILIB20150108\BIN\360SAFE_UD.EXE
