.\Build\Debug\DuiLib.pdb
E:\OPENSOURCE\DUILIB\DUILIB20150108\BIN\DUILIB_D.DLL
E:\OPENSOURCE\DUILIB\DUILIB20150108\DUILIB\BUILD\DEBUG\DUILIB.PCH
E:\OPENSOURCE\DUILIB\DUILIB20150108\DUILIB\BUILD\DEBUG\DUILIB.PDB
E:\OPENSOURCE\DUILIB\DUILIB20150108\DUILIB\BUILD\DEBUG\STB_IMAGE.OBJ
E:\OPENSOURCE\DUILIB\DUILIB20150108\DUILIB\BUILD\DEBUG\STDAFX.OBJ
E:\OPENSOURCE\DUILIB\DUILIB20150108\DUILIB\BUILD\DEBUG\UIACTIVEX.OBJ
E:\OPENSOURCE\DUILIB\DUILIB20150108\DUILIB\BUILD\DEBUG\UIBASE.OBJ
E:\OPENSOURCE\DUILIB\DUILIB20150108\DUILIB\BUILD\DEBUG\UIBUTTON.OBJ
E:\OPENSOURCE\DUILIB\DUILIB20150108\DUILIB\BUILD\DEBUG\UICHECKBOX.OBJ
E:\OPENSOURCE\DUILIB\DUILIB20150108\DUILIB\BUILD\DEBUG\UICHILDLAYOUT.OBJ
E:\OPENSOURCE\DUILIB\DUILIB20150108\DUILIB\BUILD\DEBUG\UICOMBO.OBJ
E:\OPENSOURCE\DUILIB\DUILIB20150108\DUILIB\BUILD\DEBUG\UICOMBOBOX.OBJ
E:\OPENSOURCE\DUILIB\DUILIB20150108\DUILIB\BUILD\DEBUG\UICONTAINER.OBJ
E:\OPENSOURCE\DUILIB\DUILIB20150108\DUILIB\BUILD\DEBUG\UICONTROL.OBJ
E:\OPENSOURCE\DUILIB\DUILIB20150108\DUILIB\BUILD\DEBUG\UIDATETIME.OBJ
E:\OPENSOURCE\DUILIB\DUILIB20150108\DUILIB\BUILD\DEBUG\UIDELEGATE.OBJ
E:\OPENSOURCE\DUILIB\DUILIB20150108\DUILIB\BUILD\DEBUG\UIDLGBUILDER.OBJ
E:\OPENSOURCE\DUILIB\DUILIB20150108\DUILIB\BUILD\DEBUG\UIEDIT.OBJ
E:\OPENSOURCE\DUILIB\DUILIB20150108\DUILIB\BUILD\DEBUG\UIHORIZONTALLAYOUT.OBJ
E:\OPENSOURCE\DUILIB\DUILIB20150108\DUILIB\BUILD\DEBUG\UILABEL.OBJ
E:\OPENSOURCE\DUILIB\DUILIB20150108\DUILIB\BUILD\DEBUG\UILIB.OBJ
E:\OPENSOURCE\DUILIB\DUILIB20150108\DUILIB\BUILD\DEBUG\UILIST.OBJ
E:\OPENSOURCE\DUILIB\DUILIB20150108\DUILIB\BUILD\DEBUG\UIMANAGER.OBJ
E:\OPENSOURCE\DUILIB\DUILIB20150108\DUILIB\BUILD\DEBUG\UIMARKUP.OBJ
E:\OPENSOURCE\DUILIB\DUILIB20150108\DUILIB\BUILD\DEBUG\UIOPTION.OBJ
E:\OPENSOURCE\DUILIB\DUILIB20150108\DUILIB\BUILD\DEBUG\UIPROGRESS.OBJ
E:\OPENSOURCE\DUILIB\DUILIB20150108\DUILIB\BUILD\DEBUG\UIRENDER.OBJ
E:\OPENSOURCE\DUILIB\DUILIB20150108\DUILIB\BUILD\DEBUG\UIRICHEDIT.OBJ
E:\OPENSOURCE\DUILIB\DUILIB20150108\DUILIB\BUILD\DEBUG\UISCROLLBAR.OBJ
E:\OPENSOURCE\DUILIB\DUILIB20150108\DUILIB\BUILD\DEBUG\UISLIDER.OBJ
E:\OPENSOURCE\DUILIB\DUILIB20150108\DUILIB\BUILD\DEBUG\UITABLAYOUT.OBJ
E:\OPENSOURCE\DUILIB\DUILIB20150108\DUILIB\BUILD\DEBUG\UITEXT.OBJ
E:\OPENSOURCE\DUILIB\DUILIB20150108\DUILIB\BUILD\DEBUG\UITILELAYOUT.OBJ
E:\OPENSOURCE\DUILIB\DUILIB20150108\DUILIB\BUILD\DEBUG\UITREEVIEW.OBJ
E:\OPENSOURCE\DUILIB\DUILIB20150108\DUILIB\BUILD\DEBUG\UIVERTICALLAYOUT.OBJ
E:\OPENSOURCE\DUILIB\DUILIB20150108\DUILIB\BUILD\DEBUG\UIWEBBROWSER.OBJ
E:\OPENSOURCE\DUILIB\DUILIB20150108\DUILIB\BUILD\DEBUG\UTILS.OBJ
E:\OPENSOURCE\DUILIB\DUILIB20150108\DUILIB\BUILD\DEBUG\VC100.PDB
E:\OPENSOURCE\DUILIB\DUILIB20150108\DUILIB\BUILD\DEBUG\WINIMPLBASE.OBJ
E:\OPENSOURCE\DUILIB\DUILIB20150108\DUILIB\BUILD\DEBUG\XUNZIP.OBJ
E:\OpenSource\duilib\duilib20150108\lib\DuiLib_d.exp
E:\OpenSource\duilib\duilib20150108\lib\DuiLib_d.lib
E:\OPENSOURCE\ONGITHUB\DUILIB20150108\BIN\DUILIB_D.DLL
E:\OpenSource\onGitHub\duilib20150108\DuiLib\Build\Debug\cl.command.1.tlog
E:\OpenSource\onGitHub\duilib20150108\DuiLib\Build\Debug\CL.read.1.tlog
E:\OpenSource\onGitHub\duilib20150108\DuiLib\Build\Debug\CL.write.1.tlog
E:\OPENSOURCE\ONGITHUB\DUILIB20150108\DUILIB\BUILD\DEBUG\DUILIB.PCH
E:\OPENSOURCE\ONGITHUB\DUILIB20150108\DUILIB\BUILD\DEBUG\DUILIB.PDB
E:\OpenSource\onGitHub\duilib20150108\DuiLib\Build\Debug\DuiLib.vcxprojResolveAssemblyReference.cache
E:\OpenSource\onGitHub\duilib20150108\DuiLib\Build\Debug\DuiLib.write.1.tlog
E:\OpenSource\onGitHub\duilib20150108\DuiLib\Build\Debug\link.command.1.tlog
E:\OpenSource\onGitHub\duilib20150108\DuiLib\Build\Debug\link.read.1.tlog
E:\OpenSource\onGitHub\duilib20150108\DuiLib\Build\Debug\link.write.1.tlog
E:\OPENSOURCE\ONGITHUB\DUILIB20150108\DUILIB\BUILD\DEBUG\STB_IMAGE.OBJ
E:\OPENSOURCE\ONGITHUB\DUILIB20150108\DUILIB\BUILD\DEBUG\STDAFX.OBJ
E:\OPENSOURCE\ONGITHUB\DUILIB20150108\DUILIB\BUILD\DEBUG\UIACTIVEX.OBJ
E:\OPENSOURCE\ONGITHUB\DUILIB20150108\DUILIB\BUILD\DEBUG\UIBASE.OBJ
E:\OPENSOURCE\ONGITHUB\DUILIB20150108\DUILIB\BUILD\DEBUG\UIBUTTON.OBJ
E:\OPENSOURCE\ONGITHUB\DUILIB20150108\DUILIB\BUILD\DEBUG\UICHECKBOX.OBJ
E:\OPENSOURCE\ONGITHUB\DUILIB20150108\DUILIB\BUILD\DEBUG\UICHILDLAYOUT.OBJ
E:\OPENSOURCE\ONGITHUB\DUILIB20150108\DUILIB\BUILD\DEBUG\UICOMBO.OBJ
E:\OPENSOURCE\ONGITHUB\DUILIB20150108\DUILIB\BUILD\DEBUG\UICOMBOBOX.OBJ
E:\OPENSOURCE\ONGITHUB\DUILIB20150108\DUILIB\BUILD\DEBUG\UICONTAINER.OBJ
E:\OPENSOURCE\ONGITHUB\DUILIB20150108\DUILIB\BUILD\DEBUG\UICONTROL.OBJ
E:\OPENSOURCE\ONGITHUB\DUILIB20150108\DUILIB\BUILD\DEBUG\UIDATETIME.OBJ
E:\OPENSOURCE\ONGITHUB\DUILIB20150108\DUILIB\BUILD\DEBUG\UIDELEGATE.OBJ
E:\OPENSOURCE\ONGITHUB\DUILIB20150108\DUILIB\BUILD\DEBUG\UIDLGBUILDER.OBJ
E:\OPENSOURCE\ONGITHUB\DUILIB20150108\DUILIB\BUILD\DEBUG\UIEDIT.OBJ
E:\OPENSOURCE\ONGITHUB\DUILIB20150108\DUILIB\BUILD\DEBUG\UIHORIZONTALLAYOUT.OBJ
E:\OPENSOURCE\ONGITHUB\DUILIB20150108\DUILIB\BUILD\DEBUG\UILABEL.OBJ
E:\OPENSOURCE\ONGITHUB\DUILIB20150108\DUILIB\BUILD\DEBUG\UILIB.OBJ
E:\OPENSOURCE\ONGITHUB\DUILIB20150108\DUILIB\BUILD\DEBUG\UILIST.OBJ
E:\OPENSOURCE\ONGITHUB\DUILIB20150108\DUILIB\BUILD\DEBUG\UIMANAGER.OBJ
E:\OPENSOURCE\ONGITHUB\DUILIB20150108\DUILIB\BUILD\DEBUG\UIMARKUP.OBJ
E:\OPENSOURCE\ONGITHUB\DUILIB20150108\DUILIB\BUILD\DEBUG\UIOPTION.OBJ
E:\OPENSOURCE\ONGITHUB\DUILIB20150108\DUILIB\BUILD\DEBUG\UIPROGRESS.OBJ
E:\OPENSOURCE\ONGITHUB\DUILIB20150108\DUILIB\BUILD\DEBUG\UIRENDER.OBJ
E:\OPENSOURCE\ONGITHUB\DUILIB20150108\DUILIB\BUILD\DEBUG\UIRICHEDIT.OBJ
E:\OPENSOURCE\ONGITHUB\DUILIB20150108\DUILIB\BUILD\DEBUG\UISCROLLBAR.OBJ
E:\OPENSOURCE\ONGITHUB\DUILIB20150108\DUILIB\BUILD\DEBUG\UISLIDER.OBJ
E:\OPENSOURCE\ONGITHUB\DUILIB20150108\DUILIB\BUILD\DEBUG\UITABLAYOUT.OBJ
E:\OPENSOURCE\ONGITHUB\DUILIB20150108\DUILIB\BUILD\DEBUG\UITEXT.OBJ
E:\OPENSOURCE\ONGITHUB\DUILIB20150108\DUILIB\BUILD\DEBUG\UITILELAYOUT.OBJ
E:\OPENSOURCE\ONGITHUB\DUILIB20150108\DUILIB\BUILD\DEBUG\UITREEVIEW.OBJ
E:\OPENSOURCE\ONGITHUB\DUILIB20150108\DUILIB\BUILD\DEBUG\UIVERTICALLAYOUT.OBJ
E:\OPENSOURCE\ONGITHUB\DUILIB20150108\DUILIB\BUILD\DEBUG\UIWEBBROWSER.OBJ
E:\OPENSOURCE\ONGITHUB\DUILIB20150108\DUILIB\BUILD\DEBUG\UTILS.OBJ
E:\OpenSource\onGitHub\duilib20150108\DuiLib\Build\Debug\vc100.idb
E:\OPENSOURCE\ONGITHUB\DUILIB20150108\DUILIB\BUILD\DEBUG\VC100.PDB
E:\OPENSOURCE\ONGITHUB\DUILIB20150108\DUILIB\BUILD\DEBUG\WINIMPLBASE.OBJ
E:\OPENSOURCE\ONGITHUB\DUILIB20150108\DUILIB\BUILD\DEBUG\XUNZIP.OBJ
E:\OpenSource\onGitHub\duilib20150108\lib\DuiLib_d.exp
E:\OpenSource\onGitHub\duilib20150108\lib\DuiLib_d.lib
