.\Build\Debug_u\DuiLib.pdb
E:\OPENSOURCE\DUILIB\DUILIB20150108\BIN\DUILIB_UD.DLL
E:\OPENSOURCE\DUILIB\DUILIB20150108\DUILIB\BUILD\DEBUG_U\DUILIB.PCH
E:\OPENSOURCE\DUILIB\DUILIB20150108\DUILIB\BUILD\DEBUG_U\DUILIB.PDB
E:\OPENSOURCE\DUILIB\DUILIB20150108\DUILIB\BUILD\DEBUG_U\STB_IMAGE.OBJ
E:\OPENSOURCE\DUILIB\DUILIB20150108\DUILIB\BUILD\DEBUG_U\STDAFX.OBJ
E:\OPENSOURCE\DUILIB\DUILIB20150108\DUILIB\BUILD\DEBUG_U\UIACTIVEX.OBJ
E:\OPENSOURCE\DUILIB\DUILIB20150108\DUILIB\BUILD\DEBUG_U\UIBASE.OBJ
E:\OPENSOURCE\DUILIB\DUILIB20150108\DUILIB\BUILD\DEBUG_U\UIBUTTON.OBJ
E:\OPENSOURCE\DUILIB\DUILIB20150108\DUILIB\BUILD\DEBUG_U\UICHECKBOX.OBJ
E:\OPENSOURCE\DUILIB\DUILIB20150108\DUILIB\BUILD\DEBUG_U\UICHILDLAYOUT.OBJ
E:\OPENSOURCE\DUILIB\DUILIB20150108\DUILIB\BUILD\DEBUG_U\UICOMBO.OBJ
E:\OPENSOURCE\DUILIB\DUILIB20150108\DUILIB\BUILD\DEBUG_U\UICOMBOBOX.OBJ
E:\OPENSOURCE\DUILIB\DUILIB20150108\DUILIB\BUILD\DEBUG_U\UICONTAINER.OBJ
E:\OPENSOURCE\DUILIB\DUILIB20150108\DUILIB\BUILD\DEBUG_U\UICONTROL.OBJ
E:\OPENSOURCE\DUILIB\DUILIB20150108\DUILIB\BUILD\DEBUG_U\UIDATETIME.OBJ
E:\OPENSOURCE\DUILIB\DUILIB20150108\DUILIB\BUILD\DEBUG_U\UIDELEGATE.OBJ
E:\OPENSOURCE\DUILIB\DUILIB20150108\DUILIB\BUILD\DEBUG_U\UIDLGBUILDER.OBJ
E:\OPENSOURCE\DUILIB\DUILIB20150108\DUILIB\BUILD\DEBUG_U\UIEDIT.OBJ
E:\OPENSOURCE\DUILIB\DUILIB20150108\DUILIB\BUILD\DEBUG_U\UIHORIZONTALLAYOUT.OBJ
E:\OPENSOURCE\DUILIB\DUILIB20150108\DUILIB\BUILD\DEBUG_U\UILABEL.OBJ
E:\OPENSOURCE\DUILIB\DUILIB20150108\DUILIB\BUILD\DEBUG_U\UILIB.OBJ
E:\OPENSOURCE\DUILIB\DUILIB20150108\DUILIB\BUILD\DEBUG_U\UILIST.OBJ
E:\OPENSOURCE\DUILIB\DUILIB20150108\DUILIB\BUILD\DEBUG_U\UIMANAGER.OBJ
E:\OPENSOURCE\DUILIB\DUILIB20150108\DUILIB\BUILD\DEBUG_U\UIMARKUP.OBJ
E:\OPENSOURCE\DUILIB\DUILIB20150108\DUILIB\BUILD\DEBUG_U\UIOPTION.OBJ
E:\OPENSOURCE\DUILIB\DUILIB20150108\DUILIB\BUILD\DEBUG_U\UIPROGRESS.OBJ
E:\OPENSOURCE\DUILIB\DUILIB20150108\DUILIB\BUILD\DEBUG_U\UIRENDER.OBJ
E:\OPENSOURCE\DUILIB\DUILIB20150108\DUILIB\BUILD\DEBUG_U\UIRICHEDIT.OBJ
E:\OPENSOURCE\DUILIB\DUILIB20150108\DUILIB\BUILD\DEBUG_U\UISCROLLBAR.OBJ
E:\OPENSOURCE\DUILIB\DUILIB20150108\DUILIB\BUILD\DEBUG_U\UISLIDER.OBJ
E:\OPENSOURCE\DUILIB\DUILIB20150108\DUILIB\BUILD\DEBUG_U\UITABLAYOUT.OBJ
E:\OPENSOURCE\DUILIB\DUILIB20150108\DUILIB\BUILD\DEBUG_U\UITEXT.OBJ
E:\OPENSOURCE\DUILIB\DUILIB20150108\DUILIB\BUILD\DEBUG_U\UITILELAYOUT.OBJ
E:\OPENSOURCE\DUILIB\DUILIB20150108\DUILIB\BUILD\DEBUG_U\UITREEVIEW.OBJ
E:\OPENSOURCE\DUILIB\DUILIB20150108\DUILIB\BUILD\DEBUG_U\UIVERTICALLAYOUT.OBJ
E:\OPENSOURCE\DUILIB\DUILIB20150108\DUILIB\BUILD\DEBUG_U\UIWEBBROWSER.OBJ
E:\OPENSOURCE\DUILIB\DUILIB20150108\DUILIB\BUILD\DEBUG_U\UTILS.OBJ
E:\OPENSOURCE\DUILIB\DUILIB20150108\DUILIB\BUILD\DEBUG_U\VC100.PDB
E:\OPENSOURCE\DUILIB\DUILIB20150108\DUILIB\BUILD\DEBUG_U\WINIMPLBASE.OBJ
E:\OPENSOURCE\DUILIB\DUILIB20150108\DUILIB\BUILD\DEBUG_U\XUNZIP.OBJ
E:\OpenSource\duilib\duilib20150108\Lib\DuiLib_ud.exp
E:\OpenSource\duilib\duilib20150108\Lib\DuiLib_ud.lib
E:\OPENSOURCE\ONGITHUB\DUILIB20150108\BIN\DUILIB_UD.DLL
E:\OpenSource\onGitHub\duilib20150108\DuiLib\Build\Debug_u\cl.command.1.tlog
E:\OpenSource\onGitHub\duilib20150108\DuiLib\Build\Debug_u\CL.read.1.tlog
E:\OpenSource\onGitHub\duilib20150108\DuiLib\Build\Debug_u\CL.write.1.tlog
E:\OPENSOURCE\ONGITHUB\DUILIB20150108\DUILIB\BUILD\DEBUG_U\DUILIB.PCH
E:\OPENSOURCE\ONGITHUB\DUILIB20150108\DUILIB\BUILD\DEBUG_U\DUILIB.PDB
E:\OpenSource\onGitHub\duilib20150108\DuiLib\Build\Debug_u\DuiLib.vcxprojResolveAssemblyReference.cache
E:\OpenSource\onGitHub\duilib20150108\DuiLib\Build\Debug_u\DuiLib.write.1.tlog
E:\OpenSource\onGitHub\duilib20150108\DuiLib\Build\Debug_u\link.command.1.tlog
E:\OpenSource\onGitHub\duilib20150108\DuiLib\Build\Debug_u\link.read.1.tlog
E:\OpenSource\onGitHub\duilib20150108\DuiLib\Build\Debug_u\link.write.1.tlog
E:\OPENSOURCE\ONGITHUB\DUILIB20150108\DUILIB\BUILD\DEBUG_U\STB_IMAGE.OBJ
E:\OPENSOURCE\ONGITHUB\DUILIB20150108\DUILIB\BUILD\DEBUG_U\STDAFX.OBJ
E:\OPENSOURCE\ONGITHUB\DUILIB20150108\DUILIB\BUILD\DEBUG_U\UIACTIVEX.OBJ
E:\OPENSOURCE\ONGITHUB\DUILIB20150108\DUILIB\BUILD\DEBUG_U\UIBASE.OBJ
E:\OPENSOURCE\ONGITHUB\DUILIB20150108\DUILIB\BUILD\DEBUG_U\UIBUTTON.OBJ
E:\OPENSOURCE\ONGITHUB\DUILIB20150108\DUILIB\BUILD\DEBUG_U\UICHECKBOX.OBJ
E:\OPENSOURCE\ONGITHUB\DUILIB20150108\DUILIB\BUILD\DEBUG_U\UICHILDLAYOUT.OBJ
E:\OPENSOURCE\ONGITHUB\DUILIB20150108\DUILIB\BUILD\DEBUG_U\UICOMBO.OBJ
E:\OPENSOURCE\ONGITHUB\DUILIB20150108\DUILIB\BUILD\DEBUG_U\UICOMBOBOX.OBJ
E:\OPENSOURCE\ONGITHUB\DUILIB20150108\DUILIB\BUILD\DEBUG_U\UICONTAINER.OBJ
E:\OPENSOURCE\ONGITHUB\DUILIB20150108\DUILIB\BUILD\DEBUG_U\UICONTROL.OBJ
E:\OPENSOURCE\ONGITHUB\DUILIB20150108\DUILIB\BUILD\DEBUG_U\UIDATETIME.OBJ
E:\OPENSOURCE\ONGITHUB\DUILIB20150108\DUILIB\BUILD\DEBUG_U\UIDELEGATE.OBJ
E:\OPENSOURCE\ONGITHUB\DUILIB20150108\DUILIB\BUILD\DEBUG_U\UIDLGBUILDER.OBJ
E:\OPENSOURCE\ONGITHUB\DUILIB20150108\DUILIB\BUILD\DEBUG_U\UIEDIT.OBJ
E:\OPENSOURCE\ONGITHUB\DUILIB20150108\DUILIB\BUILD\DEBUG_U\UIHORIZONTALLAYOUT.OBJ
E:\OPENSOURCE\ONGITHUB\DUILIB20150108\DUILIB\BUILD\DEBUG_U\UILABEL.OBJ
E:\OPENSOURCE\ONGITHUB\DUILIB20150108\DUILIB\BUILD\DEBUG_U\UILIB.OBJ
E:\OPENSOURCE\ONGITHUB\DUILIB20150108\DUILIB\BUILD\DEBUG_U\UILIST.OBJ
E:\OPENSOURCE\ONGITHUB\DUILIB20150108\DUILIB\BUILD\DEBUG_U\UIMANAGER.OBJ
E:\OPENSOURCE\ONGITHUB\DUILIB20150108\DUILIB\BUILD\DEBUG_U\UIMARKUP.OBJ
E:\OPENSOURCE\ONGITHUB\DUILIB20150108\DUILIB\BUILD\DEBUG_U\UIOPTION.OBJ
E:\OPENSOURCE\ONGITHUB\DUILIB20150108\DUILIB\BUILD\DEBUG_U\UIPROGRESS.OBJ
E:\OPENSOURCE\ONGITHUB\DUILIB20150108\DUILIB\BUILD\DEBUG_U\UIRENDER.OBJ
E:\OPENSOURCE\ONGITHUB\DUILIB20150108\DUILIB\BUILD\DEBUG_U\UIRICHEDIT.OBJ
E:\OPENSOURCE\ONGITHUB\DUILIB20150108\DUILIB\BUILD\DEBUG_U\UISCROLLBAR.OBJ
E:\OPENSOURCE\ONGITHUB\DUILIB20150108\DUILIB\BUILD\DEBUG_U\UISLIDER.OBJ
E:\OPENSOURCE\ONGITHUB\DUILIB20150108\DUILIB\BUILD\DEBUG_U\UITABLAYOUT.OBJ
E:\OPENSOURCE\ONGITHUB\DUILIB20150108\DUILIB\BUILD\DEBUG_U\UITEXT.OBJ
E:\OPENSOURCE\ONGITHUB\DUILIB20150108\DUILIB\BUILD\DEBUG_U\UITILELAYOUT.OBJ
E:\OPENSOURCE\ONGITHUB\DUILIB20150108\DUILIB\BUILD\DEBUG_U\UITREEVIEW.OBJ
E:\OPENSOURCE\ONGITHUB\DUILIB20150108\DUILIB\BUILD\DEBUG_U\UIVERTICALLAYOUT.OBJ
E:\OPENSOURCE\ONGITHUB\DUILIB20150108\DUILIB\BUILD\DEBUG_U\UIWEBBROWSER.OBJ
E:\OPENSOURCE\ONGITHUB\DUILIB20150108\DUILIB\BUILD\DEBUG_U\UTILS.OBJ
E:\OpenSource\onGitHub\duilib20150108\DuiLib\Build\Debug_u\vc100.idb
E:\OPENSOURCE\ONGITHUB\DUILIB20150108\DUILIB\BUILD\DEBUG_U\VC100.PDB
E:\OPENSOURCE\ONGITHUB\DUILIB20150108\DUILIB\BUILD\DEBUG_U\WINIMPLBASE.OBJ
E:\OPENSOURCE\ONGITHUB\DUILIB20150108\DUILIB\BUILD\DEBUG_U\XUNZIP.OBJ
E:\OpenSource\onGitHub\duilib20150108\Lib\DuiLib_ud.exp
E:\OpenSource\onGitHub\duilib20150108\Lib\DuiLib_ud.lib
