.\Debug\QQDemo.bsc
.\Debug\QQDemo.pdb
E:\OPENSOURCE\DUILIB\DUILIB20150108\BIN\QQDEMO_D.EXE
E:\OPENSOURCE\DUILIB\DUILIB20150108\QQDEMO\DEBUG\CHAT_DIALOG.OBJ
E:\OPENSOURCE\DUILIB\DUILIB20150108\QQDEMO\DEBUG\CHAT_DIALOG.SBR
E:\OPENSOURCE\DUILIB\DUILIB20150108\QQDEMO\DEBUG\COLOR_SKIN.OBJ
E:\OPENSOURCE\DUILIB\DUILIB20150108\QQDEMO\DEBUG\COLOR_SKIN.SBR
E:\OPENSOURCE\DUILIB\DUILIB20150108\QQDEMO\DEBUG\COLORPICKER.OBJ
E:\OPENSOURCE\DUILIB\DUILIB20150108\QQDEMO\DEBUG\COLORPICKER.SBR
E:\OPENSOURCE\DUILIB\DUILIB20150108\QQDEMO\DEBUG\DEBUG.OBJ
E:\OPENSOURCE\DUILIB\DUILIB20150108\QQDEMO\DEBUG\DEBUG.SBR
E:\OPENSOURCE\DUILIB\DUILIB20150108\QQDEMO\DEBUG\MAIN.OBJ
E:\OPENSOURCE\DUILIB\DUILIB20150108\QQDEMO\DEBUG\MAIN.SBR
E:\OPENSOURCE\DUILIB\DUILIB20150108\QQDEMO\DEBUG\MAIN_FRAME.OBJ
E:\OPENSOURCE\DUILIB\DUILIB20150108\QQDEMO\DEBUG\MAIN_FRAME.SBR
E:\OPENSOURCE\DUILIB\DUILIB20150108\QQDEMO\DEBUG\QQDEMO.BSC
E:\OPENSOURCE\DUILIB\DUILIB20150108\QQDEMO\DEBUG\QQDEMO.EXE.INTERMEDIATE.MANIFEST
E:\OPENSOURCE\DUILIB\DUILIB20150108\QQDEMO\DEBUG\QQDEMO.MAP
E:\OPENSOURCE\DUILIB\DUILIB20150108\QQDEMO\DEBUG\QQDEMO.PDB
E:\OPENSOURCE\DUILIB\DUILIB20150108\QQDEMO\DEBUG\QQDEMO.RES
E:\OPENSOURCE\DUILIB\DUILIB20150108\QQDEMO\DEBUG\STDAFX.OBJ
E:\OPENSOURCE\DUILIB\DUILIB20150108\QQDEMO\DEBUG\STDAFX.SBR
E:\OPENSOURCE\DUILIB\DUILIB20150108\QQDEMO\DEBUG\UIFRIENDS.OBJ
E:\OPENSOURCE\DUILIB\DUILIB20150108\QQDEMO\DEBUG\UIFRIENDS.SBR
E:\OPENSOURCE\DUILIB\DUILIB20150108\QQDEMO\DEBUG\UIGROUPS.OBJ
E:\OPENSOURCE\DUILIB\DUILIB20150108\QQDEMO\DEBUG\UIGROUPS.SBR
E:\OPENSOURCE\DUILIB\DUILIB20150108\QQDEMO\DEBUG\UILISTCOMMONDEFINE.OBJ
E:\OPENSOURCE\DUILIB\DUILIB20150108\QQDEMO\DEBUG\UILISTCOMMONDEFINE.SBR
E:\OPENSOURCE\DUILIB\DUILIB20150108\QQDEMO\DEBUG\UIMICROBLOG.OBJ
E:\OPENSOURCE\DUILIB\DUILIB20150108\QQDEMO\DEBUG\UIMICROBLOG.SBR
E:\OPENSOURCE\DUILIB\DUILIB20150108\QQDEMO\DEBUG\VC100.PDB
E:\OPENSOURCE\DUILIB\DUILIB20150108\QQDEMO\DEBUG\XUNZIP.OBJ
E:\OPENSOURCE\DUILIB\DUILIB20150108\QQDEMO\DEBUG\XUNZIP.SBR
E:\OPENSOURCE\ONGITHUB\DUILIB20150108\BIN\QQDEMO_D.EXE
E:\OpenSource\onGitHub\duilib20150108\QQDemo\.\Debug\QQDemo.exe.intermediate.manifest
E:\OpenSource\onGitHub\duilib20150108\QQDemo\Debug\BscMake.command.1.tlog
E:\OpenSource\onGitHub\duilib20150108\QQDemo\Debug\bscmake.read.1.tlog
E:\OpenSource\onGitHub\duilib20150108\QQDemo\Debug\bscmake.write.1.tlog
E:\OPENSOURCE\ONGITHUB\DUILIB20150108\QQDEMO\DEBUG\CHAT_DIALOG.OBJ
E:\OPENSOURCE\ONGITHUB\DUILIB20150108\QQDEMO\DEBUG\CHAT_DIALOG.SBR
E:\OpenSource\onGitHub\duilib20150108\QQDemo\Debug\cl.command.1.tlog
E:\OpenSource\onGitHub\duilib20150108\QQDemo\Debug\CL.read.1.tlog
E:\OpenSource\onGitHub\duilib20150108\QQDemo\Debug\CL.write.1.tlog
E:\OPENSOURCE\ONGITHUB\DUILIB20150108\QQDEMO\DEBUG\COLOR_SKIN.OBJ
E:\OPENSOURCE\ONGITHUB\DUILIB20150108\QQDEMO\DEBUG\COLOR_SKIN.SBR
E:\OPENSOURCE\ONGITHUB\DUILIB20150108\QQDEMO\DEBUG\COLORPICKER.OBJ
E:\OPENSOURCE\ONGITHUB\DUILIB20150108\QQDEMO\DEBUG\COLORPICKER.SBR
E:\OPENSOURCE\ONGITHUB\DUILIB20150108\QQDEMO\DEBUG\DEBUG.OBJ
E:\OPENSOURCE\ONGITHUB\DUILIB20150108\QQDEMO\DEBUG\DEBUG.SBR
E:\OpenSource\onGitHub\duilib20150108\QQDemo\Debug\link.command.1.tlog
E:\OpenSource\onGitHub\duilib20150108\QQDemo\Debug\link.read.1.tlog
E:\OpenSource\onGitHub\duilib20150108\QQDemo\Debug\link.write.1.tlog
E:\OpenSource\onGitHub\duilib20150108\QQDemo\Debug\link-cvtres.read.1.tlog
E:\OpenSource\onGitHub\duilib20150108\QQDemo\Debug\link-cvtres.write.1.tlog
E:\OPENSOURCE\ONGITHUB\DUILIB20150108\QQDEMO\DEBUG\MAIN.OBJ
E:\OPENSOURCE\ONGITHUB\DUILIB20150108\QQDEMO\DEBUG\MAIN.SBR
E:\OPENSOURCE\ONGITHUB\DUILIB20150108\QQDEMO\DEBUG\MAIN_FRAME.OBJ
E:\OPENSOURCE\ONGITHUB\DUILIB20150108\QQDEMO\DEBUG\MAIN_FRAME.SBR
E:\OpenSource\onGitHub\duilib20150108\QQDemo\Debug\mt.command.1.tlog
E:\OpenSource\onGitHub\duilib20150108\QQDemo\Debug\mt.read.1.tlog
E:\OpenSource\onGitHub\duilib20150108\QQDemo\Debug\mt.write.1.tlog
E:\OPENSOURCE\ONGITHUB\DUILIB20150108\QQDEMO\DEBUG\QQDEMO.BSC
E:\OPENSOURCE\ONGITHUB\DUILIB20150108\QQDEMO\DEBUG\QQDEMO.EXE.INTERMEDIATE.MANIFEST
E:\OPENSOURCE\ONGITHUB\DUILIB20150108\QQDEMO\DEBUG\QQDEMO.MAP
E:\OPENSOURCE\ONGITHUB\DUILIB20150108\QQDEMO\DEBUG\QQDEMO.PDB
E:\OPENSOURCE\ONGITHUB\DUILIB20150108\QQDEMO\DEBUG\QQDEMO.RES
E:\OpenSource\onGitHub\duilib20150108\QQDemo\Debug\QQDemo.vcxprojResolveAssemblyReference.cache
E:\OpenSource\onGitHub\duilib20150108\QQDemo\Debug\QQDemo.write.1.tlog
E:\OpenSource\onGitHub\duilib20150108\QQDemo\Debug\rc.command.1.tlog
E:\OpenSource\onGitHub\duilib20150108\QQDemo\Debug\rc.read.1.tlog
E:\OpenSource\onGitHub\duilib20150108\QQDemo\Debug\rc.write.1.tlog
E:\OPENSOURCE\ONGITHUB\DUILIB20150108\QQDEMO\DEBUG\STDAFX.OBJ
E:\OPENSOURCE\ONGITHUB\DUILIB20150108\QQDEMO\DEBUG\STDAFX.SBR
E:\OPENSOURCE\ONGITHUB\DUILIB20150108\QQDEMO\DEBUG\UIFRIENDS.OBJ
E:\OPENSOURCE\ONGITHUB\DUILIB20150108\QQDEMO\DEBUG\UIFRIENDS.SBR
E:\OPENSOURCE\ONGITHUB\DUILIB20150108\QQDEMO\DEBUG\UIGROUPS.OBJ
E:\OPENSOURCE\ONGITHUB\DUILIB20150108\QQDEMO\DEBUG\UIGROUPS.SBR
E:\OPENSOURCE\ONGITHUB\DUILIB20150108\QQDEMO\DEBUG\UILISTCOMMONDEFINE.OBJ
E:\OPENSOURCE\ONGITHUB\DUILIB20150108\QQDEMO\DEBUG\UILISTCOMMONDEFINE.SBR
E:\OPENSOURCE\ONGITHUB\DUILIB20150108\QQDEMO\DEBUG\UIMICROBLOG.OBJ
E:\OPENSOURCE\ONGITHUB\DUILIB20150108\QQDEMO\DEBUG\UIMICROBLOG.SBR
E:\OpenSource\onGitHub\duilib20150108\QQDemo\Debug\vc100.idb
E:\OPENSOURCE\ONGITHUB\DUILIB20150108\QQDEMO\DEBUG\VC100.PDB
E:\OPENSOURCE\ONGITHUB\DUILIB20150108\QQDEMO\DEBUG\XUNZIP.OBJ
E:\OPENSOURCE\ONGITHUB\DUILIB20150108\QQDEMO\DEBUG\XUNZIP.SBR
