Build started 2015/1/20 16:50:19.
     1>Project "E:\OpenSource\onGitHub\duilib20150108\QQDemo\QQDemo.vcxproj" on node 4 (rebuild target(s)).
     1>_PrepareForClean:
         Deleting file ".\Debug\QQDemo.lastbuildstate".
       InitializeBuildStatus:
         Creating ".\Debug\QQDemo.unsuccessfulbuild" because "AlwaysCreate" was specified.
       ClCompile:
         C:\Program Files (x86)\Microsoft Visual Studio 10.0\VC\bin\CL.exe /c /Zi /nologo /W3 /WX- /Od /Oy- /D WIN32 /D _DEBUG /D _WINDOWS /D _VC80_UPGRADE=0x0600 /D _MBCS /Gm /EHsc /RTC1 /MTd /GS /fp:precise /Zc:wchar_t /Zc:forScope /Fo".\Debug/" /Fd".\Debug/vc100.pdb" /FR".\Debug\\" /Gd /TP /analyze- /errorReport:prompt chat_dialog.cpp ColorPicker.cpp debug.cpp main.cpp main_frame.cpp StdAfx.cpp UIFriends.cpp UIGroups.cpp UIListCommonDefine.cpp UIMicroBlog.cpp ..\DuiLib\Utils\XUnzip.cpp color_skin.cpp
         color_skin.cpp
         XUnzip.cpp
         UIMicroBlog.cpp
         UIListCommonDefine.cpp
         UIGroups.cpp
         UIFriends.cpp
         StdAfx.cpp
         main_frame.cpp
         main.cpp
         debug.cpp
         ColorPicker.cpp
         chat_dialog.cpp
         Generating Code...
       ResourceCompile:
         C:\Program Files (x86)\Microsoft SDKs\Windows\v7.0A\bin\rc.exe /D _DEBUG /D _VC80_UPGRADE=0x0600 /l"0x0406" /nologo /fo".\Debug\QQDemo.res" QQDemo.rc 
     1>C:\Program Files (x86)\MSBuild\Microsoft.Cpp\v4.0\Microsoft.CppBuild.targets(990,5): warning MSB8012: TargetPath(E:\OpenSource\onGitHub\duilib20150108\QQDemo\.\Debug\QQDemo.exe) does not match the Linker's OutputFile property value (E:\OpenSource\onGitHub\duilib20150108\bin\QQDemo_d.exe). This may cause your project to build incorrectly. To correct this, please make sure that $(OutDir), $(TargetName) and $(TargetExt) property values match the value specified in %(Link.OutputFile).
     1>C:\Program Files (x86)\MSBuild\Microsoft.Cpp\v4.0\Microsoft.CppBuild.targets(992,5): warning MSB8012: TargetName(QQDemo) does not match the Linker's OutputFile property value (QQDemo_d). This may cause your project to build incorrectly. To correct this, please make sure that $(OutDir), $(TargetName) and $(TargetExt) property values match the value specified in %(Link.OutputFile).
       Link:
         C:\Program Files (x86)\Microsoft Visual Studio 10.0\VC\bin\link.exe /ERRORREPORT:PROMPT /OUT:"../bin/QQDemo_d.exe" /INCREMENTAL:NO /NOLOGO kernel32.lib user32.lib gdi32.lib winspool.lib comdlg32.lib advapi32.lib shell32.lib ole32.lib oleaut32.lib uuid.lib odbc32.lib odbccp32.lib /MANIFEST /ManifestFile:".\Debug\QQDemo.exe.intermediate.manifest" /MANIFESTUAC:"level='asInvoker' uiAccess='false'" /DEBUG /PDB:".\Debug/QQDemo.pdb" /MAP:".\Debug/QQDemo.map" /SUBSYSTEM:WINDOWS /TLBID:1 /DYNAMICBASE /NXCOMPAT /IMPLIB:".\Debug\QQDemo.lib" /MACHINE:X86 .\Debug\QQDemo.res
         .\Debug/chat_dialog.obj
         .\Debug/ColorPicker.obj
         .\Debug/debug.obj
         .\Debug/main.obj
         .\Debug/main_frame.obj
         .\Debug/StdAfx.obj
         .\Debug/UIFriends.obj
         .\Debug/UIGroups.obj
         .\Debug/UIListCommonDefine.obj
         .\Debug/UIMicroBlog.obj
         .\Debug/XUnzip.obj
         .\Debug/color_skin.obj
         E:\OpenSource\onGitHub\duilib20150108\lib\DuiLib_d.lib
         QQDemo.vcxproj -> E:\OpenSource\onGitHub\duilib20150108\QQDemo\.\Debug\QQDemo.exe
       Manifest:
         C:\Program Files (x86)\Microsoft SDKs\Windows\v7.0A\bin\mt.exe /nologo /verbose /outputresource:"../bin/QQDemo_d.exe;#1" /manifest .\Debug\QQDemo.exe.intermediate.manifest
       BscMake:
         C:\Program Files (x86)\Microsoft Visual Studio 10.0\VC\bin\bscmake.exe /nologo /o".\Debug/QQDemo.bsc" .\Debug\chat_dialog.sbr .\Debug\ColorPicker.sbr .\Debug\debug.sbr .\Debug\main.sbr .\Debug\main_frame.sbr .\Debug\StdAfx.sbr .\Debug\UIFriends.sbr .\Debug\UIGroups.sbr .\Debug\UIListCommonDefine.sbr .\Debug\UIMicroBlog.sbr .\Debug\XUnzip.sbr .\Debug\color_skin.sbr
       FinalizeBuildStatus:
         Deleting file ".\Debug\QQDemo.unsuccessfulbuild".
         Touching ".\Debug\QQDemo.lastbuildstate".
     1>Done Building Project "E:\OpenSource\onGitHub\duilib20150108\QQDemo\QQDemo.vcxproj" (rebuild target(s)).

Build succeeded.

Time Elapsed 00:00:34.29
