.\Debug\ListDemo.bsc
.\Debug\ListDemo.pdb
E:\OPENSOURCE\DUILIB\DUILIB20150108\BIN\LISTDEMO_D.EXE
E:\OPENSOURCE\DUILIB\DUILIB20150108\LISTDEMO\DEBUG\LISTDEMO.BSC
E:\OPENSOURCE\DUILIB\DUILIB20150108\LISTDEMO\DEBUG\LISTDEMO.EXE.INTERMEDIATE.MANIFEST
E:\OPENSOURCE\DUILIB\DUILIB20150108\LISTDEMO\DEBUG\LISTDEMO.MAP
E:\OPENSOURCE\DUILIB\DUILIB20150108\LISTDEMO\DEBUG\LISTDEMO.PDB
E:\OPENSOURCE\DUILIB\DUILIB20150108\LISTDEMO\DEBUG\MAIN.OBJ
E:\OPENSOURCE\DUILIB\DUILIB20150108\LISTDEMO\DEBUG\MAIN.SBR
E:\OPENSOURCE\DUILIB\DUILIB20150108\LISTDEMO\DEBUG\VC100.PDB
E:\OPENSOURCE\ONGITHUB\DUILIB20150108\BIN\LISTDEMO_D.EXE
E:\OpenSource\onGitHub\duilib20150108\ListDemo\.\Debug\ListDemo.exe.intermediate.manifest
E:\OpenSource\onGitHub\duilib20150108\ListDemo\Debug\BscMake.command.1.tlog
E:\OpenSource\onGitHub\duilib20150108\ListDemo\Debug\bscmake.read.1.tlog
E:\OpenSource\onGitHub\duilib20150108\ListDemo\Debug\bscmake.write.1.tlog
E:\OpenSource\onGitHub\duilib20150108\ListDemo\Debug\cl.command.1.tlog
E:\OpenSource\onGitHub\duilib20150108\ListDemo\Debug\CL.read.1.tlog
E:\OpenSource\onGitHub\duilib20150108\ListDemo\Debug\CL.write.1.tlog
E:\OpenSource\onGitHub\duilib20150108\ListDemo\Debug\link.command.1.tlog
E:\OpenSource\onGitHub\duilib20150108\ListDemo\Debug\link.read.1.tlog
E:\OpenSource\onGitHub\duilib20150108\ListDemo\Debug\link.write.1.tlog
E:\OPENSOURCE\ONGITHUB\DUILIB20150108\LISTDEMO\DEBUG\LISTDEMO.BSC
E:\OPENSOURCE\ONGITHUB\DUILIB20150108\LISTDEMO\DEBUG\LISTDEMO.EXE.INTERMEDIATE.MANIFEST
E:\OPENSOURCE\ONGITHUB\DUILIB20150108\LISTDEMO\DEBUG\LISTDEMO.MAP
E:\OPENSOURCE\ONGITHUB\DUILIB20150108\LISTDEMO\DEBUG\LISTDEMO.PDB
E:\OpenSource\onGitHub\duilib20150108\ListDemo\Debug\ListDemo.write.1.tlog
E:\OPENSOURCE\ONGITHUB\DUILIB20150108\LISTDEMO\DEBUG\MAIN.OBJ
E:\OPENSOURCE\ONGITHUB\DUILIB20150108\LISTDEMO\DEBUG\MAIN.SBR
E:\OpenSource\onGitHub\duilib20150108\ListDemo\Debug\mt.command.1.tlog
E:\OpenSource\onGitHub\duilib20150108\ListDemo\Debug\mt.read.1.tlog
E:\OpenSource\onGitHub\duilib20150108\ListDemo\Debug\mt.write.1.tlog
E:\OpenSource\onGitHub\duilib20150108\ListDemo\Debug\vc100.idb
E:\OPENSOURCE\ONGITHUB\DUILIB20150108\LISTDEMO\DEBUG\VC100.PDB
