.\Debug\360Safe.bsc
.\Debug\360Safe.pdb
E:\OPENSOURCE\DUILIB\DUILIB20150108\360SAFEDEMO\DEBUG\360SAFE.BSC
E:\OPENSOURCE\DUILIB\DUILIB20150108\360SAFEDEMO\DEBUG\360SAFE.EXE.INTERMEDIATE.MANIFEST
E:\OPENSOURCE\DUILIB\DUILIB20150108\360SAFEDEMO\DEBUG\360SAFE.MAP
E:\OPENSOURCE\DUILIB\DUILIB20150108\360SAFEDEMO\DEBUG\360SAFE.OBJ
E:\OPENSOURCE\DUILIB\DUILIB20150108\360SAFEDEMO\DEBUG\360SAFE.PCH
E:\OPENSOURCE\DUILIB\DUILIB20150108\360SAFEDEMO\DEBUG\360SAFE.PDB
E:\OPENSOURCE\DUILIB\DUILIB20150108\360SAFEDEMO\DEBUG\360SAFE.SBR
E:\OPENSOURCE\DUILIB\DUILIB20150108\360SAFEDEMO\DEBUG\STDAFX.OBJ
E:\OPENSOURCE\DUILIB\DUILIB20150108\360SAFEDEMO\DEBUG\STDAFX.SBR
E:\OPENSOURCE\DUILIB\DUILIB20150108\360SAFEDEMO\DEBUG\VC100.PDB
E:\OPENSOURCE\DUILIB\DUILIB20150108\BIN\360SAFE_D.EXE
E:\OpenSource\onGitHub\duilib20150108\360SafeDemo\.\Debug\360Safe.exe.intermediate.manifest
E:\OPENSOURCE\ONGITHUB\DUILIB20150108\360SAFEDEMO\DEBUG\360SAFE.BSC
E:\OPENSOURCE\ONGITHUB\DUILIB20150108\360SAFEDEMO\DEBUG\360SAFE.EXE.INTERMEDIATE.MANIFEST
E:\OPENSOURCE\ONGITHUB\DUILIB20150108\360SAFEDEMO\DEBUG\360SAFE.MAP
E:\OPENSOURCE\ONGITHUB\DUILIB20150108\360SAFEDEMO\DEBUG\360SAFE.OBJ
E:\OPENSOURCE\ONGITHUB\DUILIB20150108\360SAFEDEMO\DEBUG\360SAFE.PCH
E:\OPENSOURCE\ONGITHUB\DUILIB20150108\360SAFEDEMO\DEBUG\360SAFE.PDB
E:\OPENSOURCE\ONGITHUB\DUILIB20150108\360SAFEDEMO\DEBUG\360SAFE.SBR
E:\OpenSource\onGitHub\duilib20150108\360SafeDemo\Debug\360Safe.write.1.tlog
E:\OpenSource\onGitHub\duilib20150108\360SafeDemo\Debug\360SafeDemo.vcxprojResolveAssemblyReference.cache
E:\OpenSource\onGitHub\duilib20150108\360SafeDemo\Debug\BscMake.command.1.tlog
E:\OpenSource\onGitHub\duilib20150108\360SafeDemo\Debug\bscmake.read.1.tlog
E:\OpenSource\onGitHub\duilib20150108\360SafeDemo\Debug\bscmake.write.1.tlog
E:\OpenSource\onGitHub\duilib20150108\360SafeDemo\Debug\cl.command.1.tlog
E:\OpenSource\onGitHub\duilib20150108\360SafeDemo\Debug\CL.read.1.tlog
E:\OpenSource\onGitHub\duilib20150108\360SafeDemo\Debug\CL.write.1.tlog
E:\OpenSource\onGitHub\duilib20150108\360SafeDemo\Debug\link.command.1.tlog
E:\OpenSource\onGitHub\duilib20150108\360SafeDemo\Debug\link.read.1.tlog
E:\OpenSource\onGitHub\duilib20150108\360SafeDemo\Debug\link.write.1.tlog
E:\OpenSource\onGitHub\duilib20150108\360SafeDemo\Debug\mt.command.1.tlog
E:\OpenSource\onGitHub\duilib20150108\360SafeDemo\Debug\mt.read.1.tlog
E:\OpenSource\onGitHub\duilib20150108\360SafeDemo\Debug\mt.write.1.tlog
E:\OPENSOURCE\ONGITHUB\DUILIB20150108\360SAFEDEMO\DEBUG\STDAFX.OBJ
E:\OPENSOURCE\ONGITHUB\DUILIB20150108\360SAFEDEMO\DEBUG\STDAFX.SBR
E:\OpenSource\onGitHub\duilib20150108\360SafeDemo\Debug\vc100.idb
E:\OPENSOURCE\ONGITHUB\DUILIB20150108\360SAFEDEMO\DEBUG\VC100.PDB
E:\OPENSOURCE\ONGITHUB\DUILIB20150108\BIN\360SAFE_D.EXE
