Build started 2015/1/20 16:47:21.
     1>Project "E:\OpenSource\onGitHub\duilib20150108\DuiLib\DuiLib.vcxproj" on node 2 (rebuild target(s)).
     1>InitializeBuildStatus:
         Creating ".\Build\Release_u\DuiLib.unsuccessfulbuild" because "AlwaysCreate" was specified.
       ClCompile:
         C:\Program Files (x86)\Microsoft Visual Studio 10.0\VC\bin\CL.exe /c /Zi /nologo /W3 /WX- /O1 /Ob1 /Oy- /D WIN32 /D NDEBUG /D _WINDOWS /D UILIB_EXPORTS /D _VC80_UPGRADE=0x0600 /D _WINDLL /D _UNICODE /D UNICODE /GF /Gm- /EHsc /MD /GS /Gy /fp:precise /Zc:wchar_t /Zc:forScope /Yc"StdAfx.h" /Fp".\Build\Release_u/DuiLib.pch" /Fo".\Build\Release_u\\" /Fd".\Build\Release_u\vc100.pdb" /Gd /TP /analyze- /errorReport:prompt StdAfx.cpp
         StdAfx.cpp
         C:\Program Files (x86)\Microsoft Visual Studio 10.0\VC\bin\CL.exe /c /Zi /nologo /W3 /WX- /O1 /Ob1 /Oy- /D WIN32 /D NDEBUG /D _WINDOWS /D UILIB_EXPORTS /D _VC80_UPGRADE=0x0600 /D _WINDLL /D _UNICODE /D UNICODE /GF /Gm- /EHsc /MD /GS /Gy /fp:precise /Zc:wchar_t /Zc:forScope /Yu"StdAfx.h" /Fp".\Build\Release_u/DuiLib.pch" /Fo".\Build\Release_u\\" /Fd".\Build\Release_u\vc100.pdb" /Gd /TP /analyze- /errorReport:prompt UIlib.cpp Utils\WinImplBase.cpp Utils\UIDelegate.cpp Utils\Utils.cpp Core\UIBase.cpp Core\UIContainer.cpp Core\UIControl.cpp Core\UIDlgBuilder.cpp Core\UIManager.cpp Core\UIMarkup.cpp Core\UIRender.cpp Layout\UIChildLayout.cpp Layout\UIHorizontalLayout.cpp Layout\UITabLayout.cpp Layout\UITileLayout.cpp Layout\UIVerticalLayout.cpp Control\UIActiveX.cpp Control\UIButton.cpp Control\UICheckBox.cpp Control\UICombo.cpp Control\UIComboBox.cpp Control\UIDateTime.cpp Control\UIEdit.cpp Control\UILabel.cpp Control\UIList.cpp Control\UIOption.cpp Control\UIProgress.cpp Control\UIRichEdit.cpp Control\UIScrollBar.cpp Control\UISlider.cpp Control\UIText.cpp Control\UITreeView.cpp Control\UIWebBrowser.cpp
         UIlib.cpp
         WinImplBase.cpp
         UIDelegate.cpp
         Utils.cpp
         UIBase.cpp
         UIContainer.cpp
         UIControl.cpp
         UIDlgBuilder.cpp
         UIManager.cpp
         UIMarkup.cpp
         UIRender.cpp
         UIChildLayout.cpp
         UIHorizontalLayout.cpp
         UITabLayout.cpp
         UITileLayout.cpp
         UIVerticalLayout.cpp
         UIActiveX.cpp
         UIButton.cpp
         UICheckBox.cpp
         UICombo.cpp
         Generating Code...
         Compiling...
         UIComboBox.cpp
         UIDateTime.cpp
         UIEdit.cpp
         UILabel.cpp
         UIList.cpp
         UIOption.cpp
         UIProgress.cpp
         UIRichEdit.cpp
         UIScrollBar.cpp
         UISlider.cpp
         UIText.cpp
         UITreeView.cpp
         UIWebBrowser.cpp
         Generating Code...
         C:\Program Files (x86)\Microsoft Visual Studio 10.0\VC\bin\CL.exe /c /Zi /nologo /W3 /WX- /O1 /Ob1 /Oy- /D WIN32 /D NDEBUG /D _WINDOWS /D UILIB_EXPORTS /D _VC80_UPGRADE=0x0600 /D _WINDLL /D _UNICODE /D UNICODE /GF /Gm- /EHsc /MD /GS /Gy /fp:precise /Zc:wchar_t /Zc:forScope /Fo".\Build\Release_u\\" /Fd".\Build\Release_u\vc100.pdb" /Gd /TC /analyze- /errorReport:prompt Utils\stb_image.c
         stb_image.c
         C:\Program Files (x86)\Microsoft Visual Studio 10.0\VC\bin\CL.exe /c /Zi /nologo /W3 /WX- /O1 /Ob1 /Oy- /D WIN32 /D NDEBUG /D _WINDOWS /D UILIB_EXPORTS /D _VC80_UPGRADE=0x0600 /D _WINDLL /D _UNICODE /D UNICODE /GF /Gm- /EHsc /MD /GS /Gy /fp:precise /Zc:wchar_t /Zc:forScope /Fo".\Build\Release_u\\" /Fd".\Build\Release_u\vc100.pdb" /Gd /TP /analyze- /errorReport:prompt Utils\XUnzip.cpp
         XUnzip.cpp
     1>C:\Program Files (x86)\MSBuild\Microsoft.Cpp\v4.0\Microsoft.CppBuild.targets(990,5): warning MSB8012: TargetPath(E:\OpenSource\onGitHub\duilib20150108\DuiLib\.\Build\Release_u\DuiLib.dll) does not match the Linker's OutputFile property value (E:\OpenSource\onGitHub\duilib20150108\bin\DuiLib_u.dll). This may cause your project to build incorrectly. To correct this, please make sure that $(OutDir), $(TargetName) and $(TargetExt) property values match the value specified in %(Link.OutputFile).
     1>C:\Program Files (x86)\MSBuild\Microsoft.Cpp\v4.0\Microsoft.CppBuild.targets(992,5): warning MSB8012: TargetName(DuiLib) does not match the Linker's OutputFile property value (DuiLib_u). This may cause your project to build incorrectly. To correct this, please make sure that $(OutDir), $(TargetName) and $(TargetExt) property values match the value specified in %(Link.OutputFile).
       Link:
         C:\Program Files (x86)\Microsoft Visual Studio 10.0\VC\bin\link.exe /ERRORREPORT:PROMPT /OUT:"../bin/DuiLib_u.dll" /INCREMENTAL:NO /NOLOGO kernel32.lib user32.lib gdi32.lib winspool.lib comdlg32.lib advapi32.lib shell32.lib ole32.lib oleaut32.lib uuid.lib odbc32.lib odbccp32.lib /MANIFEST:NO /PDB:"E:\OpenSource\onGitHub\duilib20150108\DuiLib\Build\Release_u\DuiLib.pdb" /TLBID:1 /BASE:"0x11000000" /DYNAMICBASE /NXCOMPAT /IMPLIB:"../Lib/DuiLib_u.lib" /MACHINE:X86 /DLL .\Build\Release_u\StdAfx.obj
         .\Build\Release_u\UIlib.obj
         .\Build\Release_u\WinImplBase.obj
         .\Build\Release_u\stb_image.obj
         .\Build\Release_u\UIDelegate.obj
         .\Build\Release_u\Utils.obj
         .\Build\Release_u\XUnzip.obj
         .\Build\Release_u\UIBase.obj
         .\Build\Release_u\UIContainer.obj
         .\Build\Release_u\UIControl.obj
         .\Build\Release_u\UIDlgBuilder.obj
         .\Build\Release_u\UIManager.obj
         .\Build\Release_u\UIMarkup.obj
         .\Build\Release_u\UIRender.obj
         .\Build\Release_u\UIChildLayout.obj
         .\Build\Release_u\UIHorizontalLayout.obj
         .\Build\Release_u\UITabLayout.obj
         .\Build\Release_u\UITileLayout.obj
         .\Build\Release_u\UIVerticalLayout.obj
         .\Build\Release_u\UIActiveX.obj
         .\Build\Release_u\UIButton.obj
         .\Build\Release_u\UICheckBox.obj
         .\Build\Release_u\UICombo.obj
         .\Build\Release_u\UIComboBox.obj
         .\Build\Release_u\UIDateTime.obj
         .\Build\Release_u\UIEdit.obj
         .\Build\Release_u\UILabel.obj
         .\Build\Release_u\UIList.obj
         .\Build\Release_u\UIOption.obj
         .\Build\Release_u\UIProgress.obj
         .\Build\Release_u\UIRichEdit.obj
         .\Build\Release_u\UIScrollBar.obj
         .\Build\Release_u\UISlider.obj
         .\Build\Release_u\UIText.obj
         .\Build\Release_u\UITreeView.obj
         .\Build\Release_u\UIWebBrowser.obj
            Creating library ../Lib/DuiLib_u.lib and object ../Lib/DuiLib_u.exp
         DuiLib.vcxproj -> E:\OpenSource\onGitHub\duilib20150108\DuiLib\.\Build\Release_u\DuiLib.dll
       FinalizeBuildStatus:
         Deleting file ".\Build\Release_u\DuiLib.unsuccessfulbuild".
         Touching ".\Build\Release_u\DuiLib.lastbuildstate".
     1>Done Building Project "E:\OpenSource\onGitHub\duilib20150108\DuiLib\DuiLib.vcxproj" (rebuild target(s)).

Build succeeded.

Time Elapsed 00:00:08.68
